#
# A fatal error has been detected by the Java Runtime Environment:
#
#  EXCEPTION_ACCESS_VIOLATION (0xc0000005) at pc=0x00007ffaa25826c4, pid=18924, tid=18940
#
# JRE version: OpenJDK Runtime Environment (24.0.1+9) (build 24.0.1+9-30)
# Java VM: OpenJDK 64-Bit Server VM (24.0.1+9-30, mixed mode, sharing, tiered, compressed oops, compressed class ptrs, g1 gc, windows-amd64)
# Problematic frame:
# C  [libasyncProfiler.dll+0x926c4]
#
# No core dump will be written. Minidumps are not enabled by default on client versions of Windows
#
# JFR recording file will be written. Location: B:\ROCHEL CHILD\JAVA-REPO\ESTRUTURA DE DADOS II-ATT-AVA-01\hs_err_pid18924.jfr
#
# If you would like to submit a bug report, please visit:
#   https://bugreport.java.com/bugreport/crash.jsp
# The crash happened outside the Java Virtual Machine in native code.
# See problematic frame for where to report the bug.
#

---------------  S U M M A R Y ------------

Command Line: -javaagent:C:\Program Files (x86)\JetBrains\IntelliJ IDEA 2025.1.1.1\lib\idea_rt.jar=50208 -Dfile.encoding=UTF-8 -Dsun.stdout.encoding=UTF-8 -Dsun.stderr.encoding=UTF-8 Main

Host: AMD Ryzen 5 5500                               , 12 cores, 15G,  Windows 11 , 64 bit Build 26100 (10.0.26100.3912)
Time: Sun Jun  1 14:22:37 2025 Hora oficial do Brasil elapsed time: 121.316931 seconds (0d 0h 2m 1s)

---------------  T H R E A D  ---------------

Current thread (0x000001fe7c9edd50):  JavaThread "Attach Listener" daemon [_thread_in_native, id=18940, stack(0x000000bfde400000,0x000000bfde500000) (1024K)]

Stack: [0x000000bfde400000,0x000000bfde500000],  sp=0x000000bfde4ff250,  free space=1020k
Native frames: (J=compiled Java code, j=interpreted, Vv=VM code, C=native code)
C  [libasyncProfiler.dll+0x926c4]  (no source info available)
C  [libasyncProfiler.dll+0x92b9b]  (no source info available)
C  [libasyncProfiler.dll+0x917f4]  (no source info available)
C  [libasyncProfiler.dll+0x9206a]  (no source info available)
C  [libasyncProfiler.dll+0x8cc21]  (no source info available)
C  [libasyncProfiler.dll+0x7e5e1]  (no source info available)
C  [libasyncProfiler.dll+0x7d2f8]  (no source info available)
C  [libasyncProfiler.dll+0x7d1e0]  (no source info available)
C  [libasyncProfiler.dll+0x841b9]  (no source info available)
V  [jvm.dll+0x57eff7]  (no source info available)
V  [jvm.dll+0x57fdac]  (no source info available)
V  [jvm.dll+0x14ca17]  (no source info available)
V  [jvm.dll+0x14dfe1]  (no source info available)
V  [jvm.dll+0x42f456]  (no source info available)
V  [jvm.dll+0x87d76b]  (no source info available)
V  [jvm.dll+0x72ee55]  (no source info available)
C  [ucrtbase.dll+0x37b0]  (no source info available)
C  [KERNEL32.DLL+0x2e8d7]  (no source info available)
C  [ntdll.dll+0x9c5dc]  (no source info available)


siginfo: EXCEPTION_ACCESS_VIOLATION (0xc0000005), reading address 0xffffffffffffffff


Registers:
RAX=0x0000000000000010, RBX=0x0000000000000000, RCX=0xffffffffffffffff, RDX=0x007ff9f8e3300010
RSP=0x000000bfde4ff250, RBP=0x000001fe46384d18, RSI=0x000000bfde4ff3c0, RDI=0x000001fe46384d18
R8 =0x0000000000000042, R9 =0x0000000704200348, R10=0x00007ff9f90a9fb0, R11=0x0000000000000370
R12=0x000000bfde4ff3c0, R13=0x000001fe46129670, R14=0x000001fe7c9ee118, R15=0x000001fe7c9ee118
RIP=0x00007ffaa25826c4, EFLAGS=0x0000000000010202

XMM[0]=0x0000000000000000 0x0000000000000000
XMM[1]=0x0000000000000000 0x0000000000000000
XMM[2]=0x0000000000000000 0x0000000000000000
XMM[3]=0x0000000000000000 0x0000000000000000
XMM[4]=0x0000000000000000 0x0000000000000000
XMM[5]=0x0000000000000000 0x0000000000000000
XMM[6]=0x0000000000000000 0x0000000000000000
XMM[7]=0x0000000000000000 0x0000000000000000
XMM[8]=0x0000000000000000 0x0000000000000000
XMM[9]=0x0000000000000000 0x0000000000000000
XMM[10]=0x0000000000000000 0x0000000000000000
XMM[11]=0x0000000000000000 0x0000000000000000
XMM[12]=0x0000000000000000 0x0000000000000000
XMM[13]=0x0000000000000000 0x0000000000000000
XMM[14]=0x0000000000000000 0x0000000000000000
XMM[15]=0x0000000000000000 0x0000000000000000
  MXCSR=0x00001fa0


Register to memory mapping:

RAX=0x0000000000000010 is an unknown value
RBX=0x0 is null
RCX=0xffffffffffffffff is an unknown value
RDX=0x007ff9f8e3300010 is an unknown value
RSP=0x000000bfde4ff250 is pointing into the stack for thread: 0x000001fe7c9edd50
RBP=0x000001fe46384d18 points into unknown readable memory: 0x0000000704200348 | 48 03 20 04 07 00 00 00
RSI=0x000000bfde4ff3c0 is pointing into the stack for thread: 0x000001fe7c9edd50
RDI=0x000001fe46384d18 points into unknown readable memory: 0x0000000704200348 | 48 03 20 04 07 00 00 00
R8 =0x0000000000000042 is an unknown value
R9 =0x0000000704200348 is an oop: java.lang.Thread 
{0x0000000704200348} - klass: 'java/lang/Thread' - flags: 

 - ---- fields (total size 14 words):
 - 'threadLocalRandomProbe' 'I' @12  0 (0x00000000)
 - private volatile 'eetop' 'J' @16  2191962355440 (0x000001fe5b2336f0)
 - private final 'tid' 'J' @24  3 (0x0000000000000003)
 - 'threadLocalRandomSeed' 'J' @32  0 (0x0000000000000000)
 - injected 'jvmti_thread_state' 'J' @40  2191593741424 (0x000001fe452a9c70)
 - 'threadLocalRandomSecondarySeed' 'I' @48  0 (0x00000000)
 - injected 'jvmti_VTMS_transition_disable_count' 'I' @52  0 (0x00000000)
 - injected 'jfr_epoch' 'S' @56  0 (0x0000)
 - volatile 'interrupted' 'Z' @58  false (0x00)
 - injected 'jvmti_is_in_VTMS_transition' 'Z' @59  false (0x00)
 - private volatile 'name' 'Ljava/lang/String;' @60  "main"{0x0000000704413210} (0xe0882642)
 - private volatile 'contextClassLoader' 'Ljava/lang/ClassLoader;' @64  a 'jdk/internal/loader/ClassLoaders$AppClassLoader'{0x000000070415dd98} (0xe082bbb3)
 - private final 'holder' 'Ljava/lang/Thread$FieldHolder;' @68  a 'java/lang/Thread$FieldHolder'{0x0000000704413240} (0xe0882648)
 - 'threadLocals' 'Ljava/lang/ThreadLocal$ThreadLocalMap;' @72  a 'java/lang/ThreadLocal$ThreadLocalMap'{0x0000000704413268} (0xe088264d)
 - 'inheritableThreadLocals' 'Ljava/lang/ThreadLocal$ThreadLocalMap;' @76  null (0x00000000)
 - private 'scopedValueBindings' 'Ljava/lang/Object;' @80  a 'java/lang/Class'{0x00000007ffe7c258} = 'java/lang/Thread' (0xfffcf84b)
 - final 'interruptLock' 'Ljava/lang/Object;' @84  a 'java/lang/Object'{0x00000007044133d0} (0xe088267a)
 - private volatile 'parkBlocker' 'Ljava/lang/Object;' @88  null (0x00000000)
 - private 'nioBlocker' 'Lsun/nio/ch/Interruptible;' @92  null (0x00000000)
 - private 'cont' 'Ljdk/internal/vm/Continuation;' @96  null (0x00000000)
 - private volatile 'uncaughtExceptionHandler' 'Ljava/lang/Thread$UncaughtExceptionHandler;' @100  null (0x00000000)
 - private 'container' 'Ljdk/internal/vm/ThreadContainer;' @104  null (0x00000000)
 - private volatile 'headStackableScopes' 'Ljdk/internal/vm/StackableScope;' @108  null (0x00000000)
R10=0x00007ff9f90a9fb0 jvm.dll
R11=0x0000000000000370 is an unknown value
R12=0x000000bfde4ff3c0 is pointing into the stack for thread: 0x000001fe7c9edd50
R13=0x000001fe46129670 points into unknown readable memory: 0x00007ff9f901a510 | 10 a5 01 f9 f9 7f 00 00
R14=0x000001fe7c9ee118 points into unknown readable memory: 0x00007ff9f90117b0 | b0 17 01 f9 f9 7f 00 00
R15=0x000001fe7c9ee118 points into unknown readable memory: 0x00007ff9f90117b0 | b0 17 01 f9 f9 7f 00 00

Top of Stack: (sp=0x000000bfde4ff250)
0x000000bfde4ff250:   000000bfde4ff3c0 000001fe46384d18   ..O......M8F....
0x000000bfde4ff260:   0000000000000000 000001fe7c9e3fc0   .........?.|....
0x000000bfde4ff270:   0000000000000028 00007ffaa2582b9b   (........+X.....
0x000000bfde4ff280:   0000000000000000 000001fe7c9ee118   ...........|....
0x000000bfde4ff290:   000000bfde4ff301 0000000000000000   ..O.............
0x000000bfde4ff2a0:   000001fe451120a0 00007ffaa25817f4   . .E......X.....
0x000000bfde4ff2b0:   0000000000000000 0000000000000028   ........(.......
0x000000bfde4ff2c0:   0000000000000000 0000000000000028   ........(.......
0x000000bfde4ff2d0:   0000000f00000002 000001fe457bc2d0   ..........{E....
0x000000bfde4ff2e0:   000001fe451120a0 000001fe45112140   . .E....@!.E....
0x000000bfde4ff2f0:   000001fe45112148 0000000000004d04   H!.E.....M......
0x000000bfde4ff300:   0000000000000000 0000000000000000   ................
0x000000bfde4ff310:   0000000000000000 00007ff9f88757d4   .........W......
0x000000bfde4ff320:   00007ffaa26c4ca0 00000000000049ec   .Ll......I......
0x000000bfde4ff330:   00007ffaa26c4ca0 00000000ffffffff   .Ll.............
0x000000bfde4ff340:   0000000000000000 00007ffaa258206a   ........j X.....
0x000000bfde4ff350:   000001fe7c9ee118 0000000000000000   ...|............
0x000000bfde4ff360:   000000bfde4ff3c9 000001fe46129670   ..O.....p..F....
0x000000bfde4ff370:   0000000000000004 0000000000000048   ........H.......
0x000000bfde4ff380:   0000000800800310 0000000000000020   ........ .......
0x000000bfde4ff390:   000001fe7c9ee118 00007ffaa26c4ca0   ...|.....Ll.....
0x000000bfde4ff3a0:   000001fe7c897780 000001fe452a9c70   .w.|....p.*E....
0x000000bfde4ff3b0:   0000000800800390 000001fe7c9ee118   ...........|....
0x000000bfde4ff3c0:   000001fe45739b10 000001fe4573a010   ..sE......sE....
0x000000bfde4ff3d0:   000001fe4573a010 00007ffaa26c4ca0   ..sE.....Ll.....
0x000000bfde4ff3e0:   000001fe456ecb18 000000bfde4ff558   ..nE....X.O.....
0x000000bfde4ff3f0:   000000bfde4ff690 0000000000008840   ..O.....@.......
0x000000bfde4ff400:   000000bfde4ff870 00007ffaa26c4cf0   p.O......Ll.....
0x000000bfde4ff410:   0000000000989680 0000000000989680   ................
0x000000bfde4ff420:   000000bfde4ff530 00007ffaa257cc21   0.O.....!.W.....
0x000000bfde4ff430:   00007ffaa26c4ca0 00007ffaa26c4cf8   .Ll......Ll.....
0x000000bfde4ff440:   00007ffa00000000 00007ff900000001   ................

Instructions: (pc=0x00007ffaa25826c4)
  0x00007ffaa25825c4:   cc cc cc cc cc cc cc cc cc cc cc cc cc cc cc cc
  0x00007ffaa25825d4:   cc cc cc cc cc cc cc cc cc cc cc cc cc cc cc cc
  0x00007ffaa25825e4:   cc cc cc cc cc cc cc cc cc cc cc cc cc cc cc cc
  0x00007ffaa25825f4:   cc cc cc cc cc cc cc cc cc cc cc cc cc cc cc cc
  0x00007ffaa2582604:   cc cc cc cc cc cc cc cc cc cc cc cc cc cc cc cc
  0x00007ffaa2582614:   cc cc cc cc cc cc cc cc cc cc cc cc cc cc cc cc
  0x00007ffaa2582624:   cc cc cc cc cc cc cc cc cc cc cc cc cc cc cc cc
  0x00007ffaa2582634:   cc cc cc cc cc cc cc cc cc cc cc cc cc cc cc cc
  0x00007ffaa2582644:   cc cc cc cc cc cc cc cc cc cc cc cc 40 57 48 83
  0x00007ffaa2582654:   ec 20 48 8b f9 48 8b 0d 10 28 14 00 48 85 c9 74
  0x00007ffaa2582664:   20 48 8b 01 48 8d 54 24 38 41 b8 06 00 01 00 4c
  0x00007ffaa2582674:   8b 48 30 41 ff d1 85 c0 75 07 48 8b 4c 24 38 eb
  0x00007ffaa2582684:   02 33 c9 4c 8b 05 ea 28 14 00 48 89 5c 24 30 4d
  0x00007ffaa2582694:   85 c0 74 4a 48 8b 01 48 8b d7 4c 8b 88 28 03 00
  0x00007ffaa25826a4:   00 41 ff d1 48 85 c0 74 35 48 63 0d f8 e6 13 00
  0x00007ffaa25826b4:   48 8b 14 01 48 85 d2 74 15 48 63 05 fc e6 13 00
=>0x00007ffaa25826c4:   8b 04 10 48 8b 5c 24 30 48 83 c4 20 5f c3 b8 ff
  0x00007ffaa25826d4:   ff ff ff 48 8b 5c 24 30 48 83 c4 20 5f c3 80 3d
  0x00007ffaa25826e4:   9b 27 14 00 00 bb ff ff ff ff 74 20 4c 8b 0d 31
  0x00007ffaa25826f4:   24 14 00 4c 8d 44 24 38 48 8b 0d 15 24 14 00 48
  0x00007ffaa2582704:   8b d7 41 ff d1 85 c0 0f 44 5c 24 38 8b c3 48 8b
  0x00007ffaa2582714:   5c 24 30 48 83 c4 20 5f c3 cc cc cc cc cc cc cc
  0x00007ffaa2582724:   cc cc cc cc cc cc cc cc cc cc cc cc cc cc cc cc
  0x00007ffaa2582734:   cc cc cc cc cc cc cc cc cc cc cc cc cc cc cc cc
  0x00007ffaa2582744:   cc cc cc cc cc cc cc cc cc cc cc cc 48 89 54 24
  0x00007ffaa2582754:   10 53 55 56 57 41 56 41 57 48 83 ec 28 48 8b f2
  0x00007ffaa2582764:   4c 8b f1 48 89 4c 24 78 45 33 ff 44 89 7c 24 68
  0x00007ffaa2582774:   c7 44 24 60 01 00 00 00 48 8d 4c 24 68 e8 ed 42
  0x00007ffaa2582784:   f7 ff 8b d8 48 8d 4c 24 60 e8 e1 42 f7 ff 8b e8
  0x00007ffaa2582794:   49 8b ce e8 00 fc f6 ff 48 8b f8 90 8b c3 f0 0f
  0x00007ffaa25827a4:   b1 2f 74 04 f3 90 eb f4 4c 89 3e 4c 89 7e 08 4c
  0x00007ffaa25827b4:   89 7e 10 49 8b 6e 08 4d 8b 76 10 49 3b ee 0f 84


Stack slot to memory mapping:

stack at sp + 0 slots: 0x000000bfde4ff3c0 is pointing into the stack for thread: 0x000001fe7c9edd50
stack at sp + 1 slots: 0x000001fe46384d18 points into unknown readable memory: 0x0000000704200348 | 48 03 20 04 07 00 00 00
stack at sp + 2 slots: 0x0 is null
stack at sp + 3 slots: 0x000001fe7c9e3fc0 points into unknown readable memory: 0x6e616c2e6176616a | 6a 61 76 61 2e 6c 61 6e
stack at sp + 4 slots: 0x0000000000000028 is an unknown value
stack at sp + 5 slots: 0x00007ffaa2582b9b libasyncProfiler.dll
stack at sp + 6 slots: 0x0 is null
stack at sp + 7 slots: 0x000001fe7c9ee118 points into unknown readable memory: 0x00007ff9f90117b0 | b0 17 01 f9 f9 7f 00 00

Lock stack of current Java thread (top to bottom):


---------------  P R O C E S S  ---------------

Threads class SMR info:
_java_thread_list=0x000001fe458db440, length=21, elements={
0x000001fe5b2336f0, 0x000001fe7c9deac0, 0x000001fe7c9dff70, 0x000001fe7c9ec010,
0x000001fe7c9edd50, 0x000001fe7c9ec760, 0x000001fe7c9eebf0, 0x000001fe45039e60,
0x000001fe45040420, 0x000001fe7c9eb8c0, 0x000001fe7c9eceb0, 0x000001fe7c9ed600,
0x000001fe460d0780, 0x000001fe460d24c0, 0x000001fe460d2c10, 0x000001fe460d0ed0,
0x000001fe460d1620, 0x000001fe45040bb0, 0x000001fe460d0030, 0x000001fe4503e5e0,
0x000001fe460d57f0
}

Java Threads: ( => current thread )
  0x000001fe5b2336f0 JavaThread "main"                              [_thread_in_Java, id=18680, stack(0x000000bfdd900000,0x000000bfdda00000) (1024K)]
  0x000001fe7c9deac0 JavaThread "Reference Handler"          daemon [_thread_blocked, id=18904, stack(0x000000bfde100000,0x000000bfde200000) (1024K)]
  0x000001fe7c9dff70 JavaThread "Finalizer"                  daemon [_thread_blocked, id=18908, stack(0x000000bfde200000,0x000000bfde300000) (1024K)]
  0x000001fe7c9ec010 JavaThread "Signal Dispatcher"          daemon [_thread_blocked, id=18920, stack(0x000000bfde300000,0x000000bfde400000) (1024K)]
=>0x000001fe7c9edd50 JavaThread "Attach Listener"            daemon [_thread_in_native, id=18940, stack(0x000000bfde400000,0x000000bfde500000) (1024K)]
  0x000001fe7c9ec760 JavaThread "Service Thread"             daemon [_thread_blocked, id=18932, stack(0x000000bfde500000,0x000000bfde600000) (1024K)]
  0x000001fe7c9eebf0 JavaThread "Monitor Deflation Thread"   daemon [_thread_blocked, id=18664, stack(0x000000bfde600000,0x000000bfde700000) (1024K)]
  0x000001fe45039e60 JavaThread "C2 CompilerThread0"         daemon [_thread_blocked, id=18660, stack(0x000000bfde700000,0x000000bfde800000) (1024K)]
  0x000001fe45040420 JavaThread "C1 CompilerThread0"         daemon [_thread_blocked, id=18616, stack(0x000000bfde800000,0x000000bfde900000) (1024K)]
  0x000001fe7c9eb8c0 JavaThread "Common-Cleaner"             daemon [_thread_blocked, id=13984, stack(0x000000bfdea00000,0x000000bfdeb00000) (1024K)]
  0x000001fe7c9eceb0 JavaThread "Monitor Ctrl-Break"         daemon [_thread_in_native, id=17940, stack(0x000000bfdeb00000,0x000000bfdec00000) (1024K)]
  0x000001fe7c9ed600 JavaThread "Notification Thread"        daemon [_thread_blocked, id=6536, stack(0x000000bfdec00000,0x000000bfded00000) (1024K)]
  0x000001fe460d0780 JavaThread "RMI TCP Accept-0"           daemon [_thread_in_native, id=10908, stack(0x000000bfdf300000,0x000000bfdf400000) (1024K)]
  0x000001fe460d24c0 JavaThread "RMI TCP Connection(1)-26.106.18.193" daemon [_thread_in_native, id=15740, stack(0x000000bfdf400000,0x000000bfdf500000) (1024K)]
  0x000001fe460d2c10 JavaThread "RMI Scheduler(0)"           daemon [_thread_blocked, id=19092, stack(0x000000bfdf500000,0x000000bfdf600000) (1024K)]
  0x000001fe460d0ed0 JavaThread "JMX server connection timeout 36" daemon [_thread_blocked, id=19096, stack(0x000000bfdf600000,0x000000bfdf700000) (1024K)]
  0x000001fe460d1620 JavaThread "RMI TCP Connection(idle)"   daemon [_thread_blocked, id=15568, stack(0x000000bfdfa00000,0x000000bfdfb00000) (1024K)]
  0x000001fe45040bb0 JavaThread "C2 CompilerThread1"         daemon [_thread_blocked, id=19704, stack(0x000000bfdd700000,0x000000bfdd800000) (1024K)]
  0x000001fe460d0030 JavaThread "JFR Recorder Thread"        daemon [_thread_in_native, id=19708, stack(0x000000bfdd800000,0x000000bfdd900000) (1024K)]
  0x000001fe4503e5e0 JavaThread "C2 CompilerThread2"         daemon [_thread_blocked, id=19712, stack(0x000000bfdfb00000,0x000000bfdfc00000) (1024K)]
  0x000001fe460d57f0 JavaThread "JFR Periodic Tasks"         daemon [_thread_blocked, id=19716, stack(0x000000bfdfc00000,0x000000bfdfd00000) (1024K)]
Total: 21

Other Threads:
  0x000001fe7c9cca70 VMThread "VM Thread"                           [id=18896, stack(0x000000bfde000000,0x000000bfde100000) (1024K)]
  0x000001fe7c899000 WatcherThread "VM Periodic Task Thread"        [id=18792, stack(0x000000bfddf00000,0x000000bfde000000) (1024K)]
  0x000001fe5d780e70 WorkerThread "GC Thread#0"                     [id=18732, stack(0x000000bfdda00000,0x000000bfddb00000) (1024K)]
  0x000001fe456ffe70 WorkerThread "GC Thread#1"                     [id=15528, stack(0x000000bfdee00000,0x000000bfdef00000) (1024K)]
  0x000001fe45700980 WorkerThread "GC Thread#2"                     [id=8580, stack(0x000000bfdef00000,0x000000bfdf000000) (1024K)]
  0x000001fe456fefb0 WorkerThread "GC Thread#3"                     [id=18388, stack(0x000000bfdf000000,0x000000bfdf100000) (1024K)]
  0x000001fe456ff710 WorkerThread "GC Thread#4"                     [id=9716, stack(0x000000bfdf100000,0x000000bfdf200000) (1024K)]
  0x000001fe456ff360 WorkerThread "GC Thread#5"                     [id=7532, stack(0x000000bfdf200000,0x000000bfdf300000) (1024K)]
  0x000001fe462a4020 WorkerThread "GC Thread#6"                     [id=8504, stack(0x000000bfde900000,0x000000bfdea00000) (1024K)]
  0x000001fe462a43d0 WorkerThread "GC Thread#7"                     [id=6752, stack(0x000000bfded00000,0x000000bfdee00000) (1024K)]
  0x000001fe462a5640 WorkerThread "GC Thread#8"                     [id=8860, stack(0x000000bfdf700000,0x000000bfdf800000) (1024K)]
  0x000001fe462a5da0 WorkerThread "GC Thread#9"                     [id=10060, stack(0x000000bfdf800000,0x000000bfdf900000) (1024K)]
  0x000001fe5d7969b0 ConcurrentGCThread "G1 Main Marker"            [id=18736, stack(0x000000bfddb00000,0x000000bfddc00000) (1024K)]
  0x000001fe5d797c60 WorkerThread "G1 Conc#0"                       [id=18764, stack(0x000000bfddc00000,0x000000bfddd00000) (1024K)]
  0x000001fe7c87bfe0 ConcurrentGCThread "G1 Refine#0"               [id=18788, stack(0x000000bfddd00000,0x000000bfdde00000) (1024K)]
  0x000001fe7c87ca00 ConcurrentGCThread "G1 Service"                [id=18796, stack(0x000000bfdde00000,0x000000bfddf00000) (1024K)]
Total: 16

Threads with active compile tasks:
Total: 0

VM state: not at safepoint (normal execution)

VM Mutex/Monitor currently owned by a thread: None

Heap address: 0x0000000703200000, size: 4046 MB, Compressed Oops mode: Zero based, Oop shift amount: 3

CDS archive(s) mapped at: [0x000001fe00000000-0x000001fe00d40000-0x000001fe00d40000), size 13893632, SharedBaseAddress: 0x000001fe00000000, ArchiveRelocationMode: 1.
Compressed class space mapped at: 0x000001fe01000000-0x000001fe41000000, reserved size: 1073741824
UseCompressedClassPointers 1, UseCompactObjectHeaders 0
Narrow klass pointer bits 32, Max shift 3
Narrow klass base: 0x000001fe00000000, Narrow klass shift: 0
Encoding Range: [0x000001fe00000000 - 0x000001ff00000000), (4294967296 bytes)
Klass Range:    [0x000001fe00000000 - 0x000001fe41000000), (1090519040 bytes)
Klass ID Range:  [8 - 1090519033) (1090519025)

GC Precious Log:
 CardTable entry size: 512
 Card Set container configuration: InlinePtr #cards 4 size 8 Array Of Cards #cards 16 size 48 Howl #buckets 8 coarsen threshold 3686 Howl Bitmap #cards 512 size 80 coarsen threshold 460 Card regions per heap region 1 cards per card region 4096
 CPUs: 12 total, 12 available
 Memory: 16176M
 Large Page Support: Disabled
 NUMA Support: Disabled
 Compressed Oops: Enabled (Zero based)
 Heap Region Size: 2M
 Heap Min Capacity: 8M
 Heap Initial Capacity: 254M
 Heap Max Capacity: 4046M
 Pre-touch: Disabled
 Parallel Workers: 10
 Concurrent Workers: 3
 Concurrent Refinement Workers: 10
 Periodic GC: Disabled

Heap:
 garbage-first heap   total reserved 4143104K, committed 440320K, used 133843K [0x0000000703200000, 0x0000000800000000)
  region size 2048K, 51 young (104448K), 1 survivors (2048K)
 Metaspace       used 8451K, committed 8704K, reserved 1114112K
  class space    used 752K, committed 896K, reserved 1048576K

Heap Regions: E=young(eden), S=young(survivor), O=old, HS=humongous(starts), HC=humongous(continues), CS=collection set, F=free, TAMS=top-at-mark-start, PB=parsable bottom
|   0|0x0000000703200000, 0x0000000703400000, 0x0000000703400000|100%| O|  |TAMS 0x0000000703200000| PB 0x0000000703200000| Untracked |  0
|   1|0x0000000703400000, 0x0000000703600000, 0x0000000703600000|100%| O|  |TAMS 0x0000000703400000| PB 0x0000000703400000| Untracked |  0
|   2|0x0000000703600000, 0x0000000703800000, 0x0000000703800000|100%| O|  |TAMS 0x0000000703600000| PB 0x0000000703600000| Untracked |  0
|   3|0x0000000703800000, 0x0000000703a00000, 0x0000000703a00000|100%| O|  |TAMS 0x0000000703800000| PB 0x0000000703800000| Untracked |  0
|   4|0x0000000703a00000, 0x0000000703c00000, 0x0000000703c00000|100%| O|  |TAMS 0x0000000703a00000| PB 0x0000000703a00000| Untracked |  0
|   5|0x0000000703c00000, 0x0000000703e00000, 0x0000000703e00000|100%| O|  |TAMS 0x0000000703c00000| PB 0x0000000703c00000| Untracked |  0
|   6|0x0000000703e00000, 0x0000000704000000, 0x0000000704000000|100%| O|  |TAMS 0x0000000703e00000| PB 0x0000000703e00000| Untracked |  0
|   7|0x0000000704000000, 0x0000000704200000, 0x0000000704200000|100%| O|  |TAMS 0x0000000704000000| PB 0x0000000704000000| Untracked |  0
|   8|0x0000000704200000, 0x0000000704400000, 0x0000000704400000|100%| O|  |TAMS 0x0000000704200000| PB 0x0000000704200000| Untracked |  0
|   9|0x0000000704400000, 0x0000000704600000, 0x0000000704600000|100%| O|  |TAMS 0x0000000704400000| PB 0x0000000704400000| Untracked |  0
|  10|0x0000000704600000, 0x0000000704800000, 0x0000000704800000|100%| O|  |TAMS 0x0000000704600000| PB 0x0000000704600000| Untracked |  0
|  11|0x0000000704800000, 0x0000000704a00000, 0x0000000704a00000|100%| O|  |TAMS 0x0000000704800000| PB 0x0000000704800000| Untracked |  0
|  12|0x0000000704a00000, 0x0000000704c00000, 0x0000000704c00000|100%| O|  |TAMS 0x0000000704a00000| PB 0x0000000704a00000| Untracked |  0
|  13|0x0000000704c00000, 0x0000000704e00000, 0x0000000704e00000|100%| O|  |TAMS 0x0000000704c00000| PB 0x0000000704c00000| Untracked |  0
|  14|0x0000000704e00000, 0x0000000705000000, 0x0000000705000000|100%| O|  |TAMS 0x0000000704e00000| PB 0x0000000704e00000| Untracked |  0
|  15|0x0000000705000000, 0x0000000705087b70, 0x0000000705200000| 26%| O|  |TAMS 0x0000000705000000| PB 0x0000000705000000| Untracked |  0
|  16|0x0000000705200000, 0x0000000705200000, 0x0000000705400000|  0%| F|  |TAMS 0x0000000705200000| PB 0x0000000705200000| Untracked |  0
|  17|0x0000000705400000, 0x0000000705400000, 0x0000000705600000|  0%| F|  |TAMS 0x0000000705400000| PB 0x0000000705400000| Untracked |  0
|  18|0x0000000705600000, 0x0000000705600000, 0x0000000705800000|  0%| F|  |TAMS 0x0000000705600000| PB 0x0000000705600000| Untracked |  0
|  19|0x0000000705800000, 0x0000000705800000, 0x0000000705a00000|  0%| F|  |TAMS 0x0000000705800000| PB 0x0000000705800000| Untracked |  0
|  20|0x0000000705a00000, 0x0000000705a00000, 0x0000000705c00000|  0%| F|  |TAMS 0x0000000705a00000| PB 0x0000000705a00000| Untracked |  0
|  21|0x0000000705c00000, 0x0000000705c00000, 0x0000000705e00000|  0%| F|  |TAMS 0x0000000705c00000| PB 0x0000000705c00000| Untracked |  0
|  22|0x0000000705e00000, 0x0000000705e00000, 0x0000000706000000|  0%| F|  |TAMS 0x0000000705e00000| PB 0x0000000705e00000| Untracked |  0
|  23|0x0000000706000000, 0x0000000706000000, 0x0000000706200000|  0%| F|  |TAMS 0x0000000706000000| PB 0x0000000706000000| Untracked |  0
|  24|0x0000000706200000, 0x0000000706200000, 0x0000000706400000|  0%| F|  |TAMS 0x0000000706200000| PB 0x0000000706200000| Untracked |  0
|  25|0x0000000706400000, 0x0000000706400000, 0x0000000706600000|  0%| F|  |TAMS 0x0000000706400000| PB 0x0000000706400000| Untracked |  0
|  26|0x0000000706600000, 0x0000000706600000, 0x0000000706800000|  0%| F|  |TAMS 0x0000000706600000| PB 0x0000000706600000| Untracked |  0
|  27|0x0000000706800000, 0x0000000706800000, 0x0000000706a00000|  0%| F|  |TAMS 0x0000000706800000| PB 0x0000000706800000| Untracked |  0
|  28|0x0000000706a00000, 0x0000000706a00000, 0x0000000706c00000|  0%| F|  |TAMS 0x0000000706a00000| PB 0x0000000706a00000| Untracked |  0
|  29|0x0000000706c00000, 0x0000000706c00000, 0x0000000706e00000|  0%| F|  |TAMS 0x0000000706c00000| PB 0x0000000706c00000| Untracked |  0
|  30|0x0000000706e00000, 0x0000000706e00000, 0x0000000707000000|  0%| F|  |TAMS 0x0000000706e00000| PB 0x0000000706e00000| Untracked |  0
|  31|0x0000000707000000, 0x0000000707000000, 0x0000000707200000|  0%| F|  |TAMS 0x0000000707000000| PB 0x0000000707000000| Untracked |  0
|  32|0x0000000707200000, 0x0000000707200000, 0x0000000707400000|  0%| F|  |TAMS 0x0000000707200000| PB 0x0000000707200000| Untracked |  0
|  33|0x0000000707400000, 0x0000000707400000, 0x0000000707600000|  0%| F|  |TAMS 0x0000000707400000| PB 0x0000000707400000| Untracked |  0
|  34|0x0000000707600000, 0x0000000707600000, 0x0000000707800000|  0%| F|  |TAMS 0x0000000707600000| PB 0x0000000707600000| Untracked |  0
|  35|0x0000000707800000, 0x0000000707800000, 0x0000000707a00000|  0%| F|  |TAMS 0x0000000707800000| PB 0x0000000707800000| Untracked |  0
|  36|0x0000000707a00000, 0x0000000707a00000, 0x0000000707c00000|  0%| F|  |TAMS 0x0000000707a00000| PB 0x0000000707a00000| Untracked |  0
|  37|0x0000000707c00000, 0x0000000707c00000, 0x0000000707e00000|  0%| F|  |TAMS 0x0000000707c00000| PB 0x0000000707c00000| Untracked |  0
|  38|0x0000000707e00000, 0x0000000707e00000, 0x0000000708000000|  0%| F|  |TAMS 0x0000000707e00000| PB 0x0000000707e00000| Untracked |  0
|  39|0x0000000708000000, 0x0000000708000000, 0x0000000708200000|  0%| F|  |TAMS 0x0000000708000000| PB 0x0000000708000000| Untracked |  0
|  40|0x0000000708200000, 0x0000000708200000, 0x0000000708400000|  0%| F|  |TAMS 0x0000000708200000| PB 0x0000000708200000| Untracked |  0
|  41|0x0000000708400000, 0x0000000708400000, 0x0000000708600000|  0%| F|  |TAMS 0x0000000708400000| PB 0x0000000708400000| Untracked |  0
|  42|0x0000000708600000, 0x0000000708600000, 0x0000000708800000|  0%| F|  |TAMS 0x0000000708600000| PB 0x0000000708600000| Untracked |  0
|  43|0x0000000708800000, 0x0000000708800000, 0x0000000708a00000|  0%| F|  |TAMS 0x0000000708800000| PB 0x0000000708800000| Untracked |  0
|  44|0x0000000708a00000, 0x0000000708a00000, 0x0000000708c00000|  0%| F|  |TAMS 0x0000000708a00000| PB 0x0000000708a00000| Untracked |  0
|  45|0x0000000708c00000, 0x0000000708c00000, 0x0000000708e00000|  0%| F|  |TAMS 0x0000000708c00000| PB 0x0000000708c00000| Untracked |  0
|  46|0x0000000708e00000, 0x0000000708e00000, 0x0000000709000000|  0%| F|  |TAMS 0x0000000708e00000| PB 0x0000000708e00000| Untracked |  0
|  47|0x0000000709000000, 0x0000000709000000, 0x0000000709200000|  0%| F|  |TAMS 0x0000000709000000| PB 0x0000000709000000| Untracked |  0
|  48|0x0000000709200000, 0x0000000709200000, 0x0000000709400000|  0%| F|  |TAMS 0x0000000709200000| PB 0x0000000709200000| Untracked |  0
|  49|0x0000000709400000, 0x0000000709400000, 0x0000000709600000|  0%| F|  |TAMS 0x0000000709400000| PB 0x0000000709400000| Untracked |  0
|  50|0x0000000709600000, 0x0000000709600000, 0x0000000709800000|  0%| F|  |TAMS 0x0000000709600000| PB 0x0000000709600000| Untracked |  0
|  51|0x0000000709800000, 0x0000000709800000, 0x0000000709a00000|  0%| F|  |TAMS 0x0000000709800000| PB 0x0000000709800000| Untracked |  0
|  52|0x0000000709a00000, 0x0000000709a00000, 0x0000000709c00000|  0%| F|  |TAMS 0x0000000709a00000| PB 0x0000000709a00000| Untracked |  0
|  53|0x0000000709c00000, 0x0000000709c00000, 0x0000000709e00000|  0%| F|  |TAMS 0x0000000709c00000| PB 0x0000000709c00000| Untracked |  0
|  54|0x0000000709e00000, 0x0000000709e00000, 0x000000070a000000|  0%| F|  |TAMS 0x0000000709e00000| PB 0x0000000709e00000| Untracked |  0
|  55|0x000000070a000000, 0x000000070a000000, 0x000000070a200000|  0%| F|  |TAMS 0x000000070a000000| PB 0x000000070a000000| Untracked |  0
|  56|0x000000070a200000, 0x000000070a200000, 0x000000070a400000|  0%| F|  |TAMS 0x000000070a200000| PB 0x000000070a200000| Untracked |  0
|  57|0x000000070a400000, 0x000000070a400000, 0x000000070a600000|  0%| F|  |TAMS 0x000000070a400000| PB 0x000000070a400000| Untracked |  0
|  58|0x000000070a600000, 0x000000070a600000, 0x000000070a800000|  0%| F|  |TAMS 0x000000070a600000| PB 0x000000070a600000| Untracked |  0
|  59|0x000000070a800000, 0x000000070a800000, 0x000000070aa00000|  0%| F|  |TAMS 0x000000070a800000| PB 0x000000070a800000| Untracked |  0
|  60|0x000000070aa00000, 0x000000070aa00000, 0x000000070ac00000|  0%| F|  |TAMS 0x000000070aa00000| PB 0x000000070aa00000| Untracked |  0
|  61|0x000000070ac00000, 0x000000070ac00000, 0x000000070ae00000|  0%| F|  |TAMS 0x000000070ac00000| PB 0x000000070ac00000| Untracked |  0
|  62|0x000000070ae00000, 0x000000070ae00000, 0x000000070b000000|  0%| F|  |TAMS 0x000000070ae00000| PB 0x000000070ae00000| Untracked |  0
|  63|0x000000070b000000, 0x000000070b000000, 0x000000070b200000|  0%| F|  |TAMS 0x000000070b000000| PB 0x000000070b000000| Untracked |  0
|  64|0x000000070b200000, 0x000000070b200000, 0x000000070b400000|  0%| F|  |TAMS 0x000000070b200000| PB 0x000000070b200000| Untracked |  0
|  65|0x000000070b400000, 0x000000070b400000, 0x000000070b600000|  0%| F|  |TAMS 0x000000070b400000| PB 0x000000070b400000| Untracked |  0
|  66|0x000000070b600000, 0x000000070b600000, 0x000000070b800000|  0%| F|  |TAMS 0x000000070b600000| PB 0x000000070b600000| Untracked |  0
|  67|0x000000070b800000, 0x000000070b800000, 0x000000070ba00000|  0%| F|  |TAMS 0x000000070b800000| PB 0x000000070b800000| Untracked |  0
|  68|0x000000070ba00000, 0x000000070ba00000, 0x000000070bc00000|  0%| F|  |TAMS 0x000000070ba00000| PB 0x000000070ba00000| Untracked |  0
|  69|0x000000070bc00000, 0x000000070bc00000, 0x000000070be00000|  0%| F|  |TAMS 0x000000070bc00000| PB 0x000000070bc00000| Untracked |  0
|  70|0x000000070be00000, 0x000000070be00000, 0x000000070c000000|  0%| F|  |TAMS 0x000000070be00000| PB 0x000000070be00000| Untracked |  0
|  71|0x000000070c000000, 0x000000070c000000, 0x000000070c200000|  0%| F|  |TAMS 0x000000070c000000| PB 0x000000070c000000| Untracked |  0
|  72|0x000000070c200000, 0x000000070c200000, 0x000000070c400000|  0%| F|  |TAMS 0x000000070c200000| PB 0x000000070c200000| Untracked |  0
|  73|0x000000070c400000, 0x000000070c400000, 0x000000070c600000|  0%| F|  |TAMS 0x000000070c400000| PB 0x000000070c400000| Untracked |  0
|  74|0x000000070c600000, 0x000000070c600000, 0x000000070c800000|  0%| F|  |TAMS 0x000000070c600000| PB 0x000000070c600000| Untracked |  0
|  75|0x000000070c800000, 0x000000070c800000, 0x000000070ca00000|  0%| F|  |TAMS 0x000000070c800000| PB 0x000000070c800000| Untracked |  0
|  76|0x000000070ca00000, 0x000000070ca00000, 0x000000070cc00000|  0%| F|  |TAMS 0x000000070ca00000| PB 0x000000070ca00000| Untracked |  0
|  77|0x000000070cc00000, 0x000000070cc00000, 0x000000070ce00000|  0%| F|  |TAMS 0x000000070cc00000| PB 0x000000070cc00000| Untracked |  0
|  78|0x000000070ce00000, 0x000000070ce00000, 0x000000070d000000|  0%| F|  |TAMS 0x000000070ce00000| PB 0x000000070ce00000| Untracked |  0
|  79|0x000000070d000000, 0x000000070d000000, 0x000000070d200000|  0%| F|  |TAMS 0x000000070d000000| PB 0x000000070d000000| Untracked |  0
|  80|0x000000070d200000, 0x000000070d200000, 0x000000070d400000|  0%| F|  |TAMS 0x000000070d200000| PB 0x000000070d200000| Untracked |  0
|  81|0x000000070d400000, 0x000000070d400000, 0x000000070d600000|  0%| F|  |TAMS 0x000000070d400000| PB 0x000000070d400000| Untracked |  0
|  82|0x000000070d600000, 0x000000070d600000, 0x000000070d800000|  0%| F|  |TAMS 0x000000070d600000| PB 0x000000070d600000| Untracked |  0
|  83|0x000000070d800000, 0x000000070d800000, 0x000000070da00000|  0%| F|  |TAMS 0x000000070d800000| PB 0x000000070d800000| Untracked |  0
|  84|0x000000070da00000, 0x000000070da00000, 0x000000070dc00000|  0%| F|  |TAMS 0x000000070da00000| PB 0x000000070da00000| Untracked |  0
|  85|0x000000070dc00000, 0x000000070dd111e0, 0x000000070de00000| 53%| S|CS|TAMS 0x000000070dc00000| PB 0x000000070dc00000| Complete |  0
|  86|0x000000070de00000, 0x000000070de00000, 0x000000070e000000|  0%| F|  |TAMS 0x000000070de00000| PB 0x000000070de00000| Untracked |  0
|  87|0x000000070e000000, 0x000000070e000000, 0x000000070e200000|  0%| F|  |TAMS 0x000000070e000000| PB 0x000000070e000000| Untracked |  0
|  88|0x000000070e200000, 0x000000070e200000, 0x000000070e400000|  0%| F|  |TAMS 0x000000070e200000| PB 0x000000070e200000| Untracked |  0
|  89|0x000000070e400000, 0x000000070e400000, 0x000000070e600000|  0%| F|  |TAMS 0x000000070e400000| PB 0x000000070e400000| Untracked |  0
|  90|0x000000070e600000, 0x000000070e600000, 0x000000070e800000|  0%| F|  |TAMS 0x000000070e600000| PB 0x000000070e600000| Untracked |  0
|  91|0x000000070e800000, 0x000000070e800000, 0x000000070ea00000|  0%| F|  |TAMS 0x000000070e800000| PB 0x000000070e800000| Untracked |  0
|  92|0x000000070ea00000, 0x000000070ea00000, 0x000000070ec00000|  0%| F|  |TAMS 0x000000070ea00000| PB 0x000000070ea00000| Untracked |  0
|  93|0x000000070ec00000, 0x000000070ec00000, 0x000000070ee00000|  0%| F|  |TAMS 0x000000070ec00000| PB 0x000000070ec00000| Untracked |  0
|  94|0x000000070ee00000, 0x000000070ee00000, 0x000000070f000000|  0%| F|  |TAMS 0x000000070ee00000| PB 0x000000070ee00000| Untracked |  0
|  95|0x000000070f000000, 0x000000070f000000, 0x000000070f200000|  0%| F|  |TAMS 0x000000070f000000| PB 0x000000070f000000| Untracked |  0
|  96|0x000000070f200000, 0x000000070f200000, 0x000000070f400000|  0%| F|  |TAMS 0x000000070f200000| PB 0x000000070f200000| Untracked |  0
|  97|0x000000070f400000, 0x000000070f400000, 0x000000070f600000|  0%| F|  |TAMS 0x000000070f400000| PB 0x000000070f400000| Untracked |  0
|  98|0x000000070f600000, 0x000000070f600000, 0x000000070f800000|  0%| F|  |TAMS 0x000000070f600000| PB 0x000000070f600000| Untracked |  0
|  99|0x000000070f800000, 0x000000070f800000, 0x000000070fa00000|  0%| F|  |TAMS 0x000000070f800000| PB 0x000000070f800000| Untracked |  0
| 100|0x000000070fa00000, 0x000000070fa00000, 0x000000070fc00000|  0%| F|  |TAMS 0x000000070fa00000| PB 0x000000070fa00000| Untracked |  0
| 101|0x000000070fc00000, 0x000000070fc00000, 0x000000070fe00000|  0%| F|  |TAMS 0x000000070fc00000| PB 0x000000070fc00000| Untracked |  0
| 102|0x000000070fe00000, 0x000000070fe00000, 0x0000000710000000|  0%| F|  |TAMS 0x000000070fe00000| PB 0x000000070fe00000| Untracked |  0
| 103|0x0000000710000000, 0x0000000710000000, 0x0000000710200000|  0%| F|  |TAMS 0x0000000710000000| PB 0x0000000710000000| Untracked |  0
| 104|0x0000000710200000, 0x0000000710200000, 0x0000000710400000|  0%| F|  |TAMS 0x0000000710200000| PB 0x0000000710200000| Untracked |  0
| 105|0x0000000710400000, 0x0000000710400000, 0x0000000710600000|  0%| F|  |TAMS 0x0000000710400000| PB 0x0000000710400000| Untracked |  0
| 106|0x0000000710600000, 0x0000000710600000, 0x0000000710800000|  0%| F|  |TAMS 0x0000000710600000| PB 0x0000000710600000| Untracked |  0
| 107|0x0000000710800000, 0x0000000710800000, 0x0000000710a00000|  0%| F|  |TAMS 0x0000000710800000| PB 0x0000000710800000| Untracked |  0
| 108|0x0000000710a00000, 0x0000000710a00000, 0x0000000710c00000|  0%| F|  |TAMS 0x0000000710a00000| PB 0x0000000710a00000| Untracked |  0
| 109|0x0000000710c00000, 0x0000000710c00000, 0x0000000710e00000|  0%| F|  |TAMS 0x0000000710c00000| PB 0x0000000710c00000| Untracked |  0
| 110|0x0000000710e00000, 0x0000000710e00000, 0x0000000711000000|  0%| F|  |TAMS 0x0000000710e00000| PB 0x0000000710e00000| Untracked |  0
| 111|0x0000000711000000, 0x0000000711000000, 0x0000000711200000|  0%| F|  |TAMS 0x0000000711000000| PB 0x0000000711000000| Untracked |  0
| 112|0x0000000711200000, 0x0000000711200000, 0x0000000711400000|  0%| F|  |TAMS 0x0000000711200000| PB 0x0000000711200000| Untracked |  0
| 113|0x0000000711400000, 0x0000000711400000, 0x0000000711600000|  0%| F|  |TAMS 0x0000000711400000| PB 0x0000000711400000| Untracked |  0
| 114|0x0000000711600000, 0x0000000711600000, 0x0000000711800000|  0%| F|  |TAMS 0x0000000711600000| PB 0x0000000711600000| Untracked |  0
| 115|0x0000000711800000, 0x0000000711800000, 0x0000000711a00000|  0%| F|  |TAMS 0x0000000711800000| PB 0x0000000711800000| Untracked |  0
| 116|0x0000000711a00000, 0x0000000711a00000, 0x0000000711c00000|  0%| F|  |TAMS 0x0000000711a00000| PB 0x0000000711a00000| Untracked |  0
| 117|0x0000000711c00000, 0x0000000711c00000, 0x0000000711e00000|  0%| F|  |TAMS 0x0000000711c00000| PB 0x0000000711c00000| Untracked |  0
| 118|0x0000000711e00000, 0x0000000711e00000, 0x0000000712000000|  0%| F|  |TAMS 0x0000000711e00000| PB 0x0000000711e00000| Untracked |  0
| 119|0x0000000712000000, 0x0000000712000000, 0x0000000712200000|  0%| F|  |TAMS 0x0000000712000000| PB 0x0000000712000000| Untracked |  0
| 120|0x0000000712200000, 0x0000000712200000, 0x0000000712400000|  0%| F|  |TAMS 0x0000000712200000| PB 0x0000000712200000| Untracked |  0
| 121|0x0000000712400000, 0x0000000712400000, 0x0000000712600000|  0%| F|  |TAMS 0x0000000712400000| PB 0x0000000712400000| Untracked |  0
| 122|0x0000000712600000, 0x0000000712600000, 0x0000000712800000|  0%| F|  |TAMS 0x0000000712600000| PB 0x0000000712600000| Untracked |  0
| 123|0x0000000712800000, 0x0000000712800000, 0x0000000712a00000|  0%| F|  |TAMS 0x0000000712800000| PB 0x0000000712800000| Untracked |  0
| 124|0x0000000712a00000, 0x0000000712a00000, 0x0000000712c00000|  0%| F|  |TAMS 0x0000000712a00000| PB 0x0000000712a00000| Untracked |  0
| 125|0x0000000712c00000, 0x0000000712c00000, 0x0000000712e00000|  0%| F|  |TAMS 0x0000000712c00000| PB 0x0000000712c00000| Untracked |  0
| 126|0x0000000712e00000, 0x0000000712e00000, 0x0000000713000000|  0%| F|  |TAMS 0x0000000712e00000| PB 0x0000000712e00000| Untracked |  0
| 127|0x0000000713000000, 0x0000000713000000, 0x0000000713200000|  0%| F|  |TAMS 0x0000000713000000| PB 0x0000000713000000| Untracked |  0
| 128|0x0000000713200000, 0x0000000713200000, 0x0000000713400000|  0%| F|  |TAMS 0x0000000713200000| PB 0x0000000713200000| Untracked |  0
| 129|0x0000000713400000, 0x0000000713400000, 0x0000000713600000|  0%| F|  |TAMS 0x0000000713400000| PB 0x0000000713400000| Untracked |  0
| 130|0x0000000713600000, 0x0000000713600000, 0x0000000713800000|  0%| F|  |TAMS 0x0000000713600000| PB 0x0000000713600000| Untracked |  0
| 131|0x0000000713800000, 0x0000000713800000, 0x0000000713a00000|  0%| F|  |TAMS 0x0000000713800000| PB 0x0000000713800000| Untracked |  0
| 132|0x0000000713a00000, 0x0000000713a00000, 0x0000000713c00000|  0%| F|  |TAMS 0x0000000713a00000| PB 0x0000000713a00000| Untracked |  0
| 133|0x0000000713c00000, 0x0000000713c00000, 0x0000000713e00000|  0%| F|  |TAMS 0x0000000713c00000| PB 0x0000000713c00000| Untracked |  0
| 134|0x0000000713e00000, 0x0000000713e00000, 0x0000000714000000|  0%| F|  |TAMS 0x0000000713e00000| PB 0x0000000713e00000| Untracked |  0
| 135|0x0000000714000000, 0x0000000714000000, 0x0000000714200000|  0%| F|  |TAMS 0x0000000714000000| PB 0x0000000714000000| Untracked |  0
| 136|0x0000000714200000, 0x0000000714200000, 0x0000000714400000|  0%| F|  |TAMS 0x0000000714200000| PB 0x0000000714200000| Untracked |  0
| 137|0x0000000714400000, 0x0000000714400000, 0x0000000714600000|  0%| F|  |TAMS 0x0000000714400000| PB 0x0000000714400000| Untracked |  0
| 138|0x0000000714600000, 0x0000000714600000, 0x0000000714800000|  0%| F|  |TAMS 0x0000000714600000| PB 0x0000000714600000| Untracked |  0
| 139|0x0000000714800000, 0x0000000714800000, 0x0000000714a00000|  0%| F|  |TAMS 0x0000000714800000| PB 0x0000000714800000| Untracked |  0
| 140|0x0000000714a00000, 0x0000000714a00000, 0x0000000714c00000|  0%| F|  |TAMS 0x0000000714a00000| PB 0x0000000714a00000| Untracked |  0
| 141|0x0000000714c00000, 0x0000000714c00000, 0x0000000714e00000|  0%| F|  |TAMS 0x0000000714c00000| PB 0x0000000714c00000| Untracked |  0
| 142|0x0000000714e00000, 0x0000000714e00000, 0x0000000715000000|  0%| F|  |TAMS 0x0000000714e00000| PB 0x0000000714e00000| Untracked |  0
| 143|0x0000000715000000, 0x0000000715000000, 0x0000000715200000|  0%| F|  |TAMS 0x0000000715000000| PB 0x0000000715000000| Untracked |  0
| 144|0x0000000715200000, 0x0000000715200000, 0x0000000715400000|  0%| F|  |TAMS 0x0000000715200000| PB 0x0000000715200000| Untracked |  0
| 145|0x0000000715400000, 0x0000000715400000, 0x0000000715600000|  0%| F|  |TAMS 0x0000000715400000| PB 0x0000000715400000| Untracked |  0
| 146|0x0000000715600000, 0x0000000715600000, 0x0000000715800000|  0%| F|  |TAMS 0x0000000715600000| PB 0x0000000715600000| Untracked |  0
| 147|0x0000000715800000, 0x0000000715800000, 0x0000000715a00000|  0%| F|  |TAMS 0x0000000715800000| PB 0x0000000715800000| Untracked |  0
| 148|0x0000000715a00000, 0x0000000715a00000, 0x0000000715c00000|  0%| F|  |TAMS 0x0000000715a00000| PB 0x0000000715a00000| Untracked |  0
| 149|0x0000000715c00000, 0x0000000715c00000, 0x0000000715e00000|  0%| F|  |TAMS 0x0000000715c00000| PB 0x0000000715c00000| Untracked |  0
| 150|0x0000000715e00000, 0x0000000715e00000, 0x0000000716000000|  0%| F|  |TAMS 0x0000000715e00000| PB 0x0000000715e00000| Untracked |  0
| 151|0x0000000716000000, 0x0000000716000000, 0x0000000716200000|  0%| F|  |TAMS 0x0000000716000000| PB 0x0000000716000000| Untracked |  0
| 152|0x0000000716200000, 0x0000000716200000, 0x0000000716400000|  0%| F|  |TAMS 0x0000000716200000| PB 0x0000000716200000| Untracked |  0
| 153|0x0000000716400000, 0x0000000716400000, 0x0000000716600000|  0%| F|  |TAMS 0x0000000716400000| PB 0x0000000716400000| Untracked |  0
| 154|0x0000000716600000, 0x0000000716600000, 0x0000000716800000|  0%| F|  |TAMS 0x0000000716600000| PB 0x0000000716600000| Untracked |  0
| 155|0x0000000716800000, 0x0000000716800000, 0x0000000716a00000|  0%| F|  |TAMS 0x0000000716800000| PB 0x0000000716800000| Untracked |  0
| 156|0x0000000716a00000, 0x0000000716a00000, 0x0000000716c00000|  0%| F|  |TAMS 0x0000000716a00000| PB 0x0000000716a00000| Untracked |  0
| 157|0x0000000716c00000, 0x0000000716c00000, 0x0000000716e00000|  0%| F|  |TAMS 0x0000000716c00000| PB 0x0000000716c00000| Untracked |  0
| 158|0x0000000716e00000, 0x0000000716e00000, 0x0000000717000000|  0%| F|  |TAMS 0x0000000716e00000| PB 0x0000000716e00000| Untracked |  0
| 159|0x0000000717000000, 0x0000000717000000, 0x0000000717200000|  0%| F|  |TAMS 0x0000000717000000| PB 0x0000000717000000| Untracked |  0
| 160|0x0000000717200000, 0x0000000717200000, 0x0000000717400000|  0%| F|  |TAMS 0x0000000717200000| PB 0x0000000717200000| Untracked |  0
| 161|0x0000000717400000, 0x0000000717400000, 0x0000000717600000|  0%| F|  |TAMS 0x0000000717400000| PB 0x0000000717400000| Untracked |  0
| 162|0x0000000717600000, 0x0000000717600000, 0x0000000717800000|  0%| F|  |TAMS 0x0000000717600000| PB 0x0000000717600000| Untracked |  0
| 163|0x0000000717800000, 0x0000000717a00000, 0x0000000717a00000|100%| E|  |TAMS 0x0000000717800000| PB 0x0000000717800000| Complete |  0
| 164|0x0000000717a00000, 0x0000000717c00000, 0x0000000717c00000|100%| E|CS|TAMS 0x0000000717a00000| PB 0x0000000717a00000| Complete |  0
| 165|0x0000000717c00000, 0x0000000717e00000, 0x0000000717e00000|100%| E|CS|TAMS 0x0000000717c00000| PB 0x0000000717c00000| Complete |  0
| 166|0x0000000717e00000, 0x0000000718000000, 0x0000000718000000|100%| E|CS|TAMS 0x0000000717e00000| PB 0x0000000717e00000| Complete |  0
| 167|0x0000000718000000, 0x0000000718200000, 0x0000000718200000|100%| E|CS|TAMS 0x0000000718000000| PB 0x0000000718000000| Complete |  0
| 168|0x0000000718200000, 0x0000000718400000, 0x0000000718400000|100%| E|CS|TAMS 0x0000000718200000| PB 0x0000000718200000| Complete |  0
| 169|0x0000000718400000, 0x0000000718600000, 0x0000000718600000|100%| E|CS|TAMS 0x0000000718400000| PB 0x0000000718400000| Complete |  0
| 170|0x0000000718600000, 0x0000000718800000, 0x0000000718800000|100%| E|CS|TAMS 0x0000000718600000| PB 0x0000000718600000| Complete |  0
| 171|0x0000000718800000, 0x0000000718a00000, 0x0000000718a00000|100%| E|CS|TAMS 0x0000000718800000| PB 0x0000000718800000| Complete |  0
| 172|0x0000000718a00000, 0x0000000718c00000, 0x0000000718c00000|100%| E|CS|TAMS 0x0000000718a00000| PB 0x0000000718a00000| Complete |  0
| 173|0x0000000718c00000, 0x0000000718e00000, 0x0000000718e00000|100%| E|CS|TAMS 0x0000000718c00000| PB 0x0000000718c00000| Complete |  0
| 174|0x0000000718e00000, 0x0000000719000000, 0x0000000719000000|100%| E|CS|TAMS 0x0000000718e00000| PB 0x0000000718e00000| Complete |  0
| 175|0x0000000719000000, 0x0000000719200000, 0x0000000719200000|100%| E|CS|TAMS 0x0000000719000000| PB 0x0000000719000000| Complete |  0
| 176|0x0000000719200000, 0x0000000719400000, 0x0000000719400000|100%| E|CS|TAMS 0x0000000719200000| PB 0x0000000719200000| Complete |  0
| 177|0x0000000719400000, 0x0000000719600000, 0x0000000719600000|100%| E|CS|TAMS 0x0000000719400000| PB 0x0000000719400000| Complete |  0
| 178|0x0000000719600000, 0x0000000719800000, 0x0000000719800000|100%| E|CS|TAMS 0x0000000719600000| PB 0x0000000719600000| Complete |  0
| 179|0x0000000719800000, 0x0000000719a00000, 0x0000000719a00000|100%| E|CS|TAMS 0x0000000719800000| PB 0x0000000719800000| Complete |  0
| 180|0x0000000719a00000, 0x0000000719c00000, 0x0000000719c00000|100%| E|CS|TAMS 0x0000000719a00000| PB 0x0000000719a00000| Complete |  0
| 181|0x0000000719c00000, 0x0000000719e00000, 0x0000000719e00000|100%| E|CS|TAMS 0x0000000719c00000| PB 0x0000000719c00000| Complete |  0
| 182|0x0000000719e00000, 0x000000071a000000, 0x000000071a000000|100%| E|CS|TAMS 0x0000000719e00000| PB 0x0000000719e00000| Complete |  0
| 183|0x000000071a000000, 0x000000071a200000, 0x000000071a200000|100%| E|CS|TAMS 0x000000071a000000| PB 0x000000071a000000| Complete |  0
| 184|0x000000071a200000, 0x000000071a400000, 0x000000071a400000|100%| E|CS|TAMS 0x000000071a200000| PB 0x000000071a200000| Complete |  0
| 185|0x000000071a400000, 0x000000071a600000, 0x000000071a600000|100%| E|CS|TAMS 0x000000071a400000| PB 0x000000071a400000| Complete |  0
| 186|0x000000071a600000, 0x000000071a800000, 0x000000071a800000|100%| E|CS|TAMS 0x000000071a600000| PB 0x000000071a600000| Complete |  0
| 187|0x000000071a800000, 0x000000071aa00000, 0x000000071aa00000|100%| E|CS|TAMS 0x000000071a800000| PB 0x000000071a800000| Complete |  0
| 188|0x000000071aa00000, 0x000000071ac00000, 0x000000071ac00000|100%| E|CS|TAMS 0x000000071aa00000| PB 0x000000071aa00000| Complete |  0
| 189|0x000000071ac00000, 0x000000071ae00000, 0x000000071ae00000|100%| E|CS|TAMS 0x000000071ac00000| PB 0x000000071ac00000| Complete |  0
| 190|0x000000071ae00000, 0x000000071b000000, 0x000000071b000000|100%| E|CS|TAMS 0x000000071ae00000| PB 0x000000071ae00000| Complete |  0
| 191|0x000000071b000000, 0x000000071b200000, 0x000000071b200000|100%| E|CS|TAMS 0x000000071b000000| PB 0x000000071b000000| Complete |  0
| 192|0x000000071b200000, 0x000000071b400000, 0x000000071b400000|100%| E|CS|TAMS 0x000000071b200000| PB 0x000000071b200000| Complete |  0
| 193|0x000000071b400000, 0x000000071b600000, 0x000000071b600000|100%| E|CS|TAMS 0x000000071b400000| PB 0x000000071b400000| Complete |  0
| 194|0x000000071b600000, 0x000000071b800000, 0x000000071b800000|100%| E|CS|TAMS 0x000000071b600000| PB 0x000000071b600000| Complete |  0
| 195|0x000000071b800000, 0x000000071ba00000, 0x000000071ba00000|100%| E|CS|TAMS 0x000000071b800000| PB 0x000000071b800000| Complete |  0
| 196|0x000000071ba00000, 0x000000071bc00000, 0x000000071bc00000|100%| E|CS|TAMS 0x000000071ba00000| PB 0x000000071ba00000| Complete |  0
| 197|0x000000071bc00000, 0x000000071be00000, 0x000000071be00000|100%| E|CS|TAMS 0x000000071bc00000| PB 0x000000071bc00000| Complete |  0
| 198|0x000000071be00000, 0x000000071c000000, 0x000000071c000000|100%| E|CS|TAMS 0x000000071be00000| PB 0x000000071be00000| Complete |  0
| 199|0x000000071c000000, 0x000000071c200000, 0x000000071c200000|100%| E|CS|TAMS 0x000000071c000000| PB 0x000000071c000000| Complete |  0
| 200|0x000000071c200000, 0x000000071c400000, 0x000000071c400000|100%| E|CS|TAMS 0x000000071c200000| PB 0x000000071c200000| Complete |  0
| 201|0x000000071c400000, 0x000000071c600000, 0x000000071c600000|100%| E|CS|TAMS 0x000000071c400000| PB 0x000000071c400000| Complete |  0
| 202|0x000000071c600000, 0x000000071c800000, 0x000000071c800000|100%| E|CS|TAMS 0x000000071c600000| PB 0x000000071c600000| Complete |  0
| 203|0x000000071c800000, 0x000000071ca00000, 0x000000071ca00000|100%| E|CS|TAMS 0x000000071c800000| PB 0x000000071c800000| Complete |  0
| 204|0x000000071ca00000, 0x000000071cc00000, 0x000000071cc00000|100%| E|CS|TAMS 0x000000071ca00000| PB 0x000000071ca00000| Complete |  0
| 205|0x000000071cc00000, 0x000000071ce00000, 0x000000071ce00000|100%| E|CS|TAMS 0x000000071cc00000| PB 0x000000071cc00000| Complete |  0
| 206|0x000000071ce00000, 0x000000071d000000, 0x000000071d000000|100%| E|CS|TAMS 0x000000071ce00000| PB 0x000000071ce00000| Complete |  0
| 207|0x000000071d000000, 0x000000071d200000, 0x000000071d200000|100%| E|CS|TAMS 0x000000071d000000| PB 0x000000071d000000| Complete |  0
| 208|0x000000071d200000, 0x000000071d400000, 0x000000071d400000|100%| E|CS|TAMS 0x000000071d200000| PB 0x000000071d200000| Complete |  0
| 209|0x000000071d400000, 0x000000071d600000, 0x000000071d600000|100%| E|CS|TAMS 0x000000071d400000| PB 0x000000071d400000| Complete |  0
| 210|0x000000071d600000, 0x000000071d800000, 0x000000071d800000|100%| E|CS|TAMS 0x000000071d600000| PB 0x000000071d600000| Complete |  0
| 211|0x000000071d800000, 0x000000071da00000, 0x000000071da00000|100%| E|CS|TAMS 0x000000071d800000| PB 0x000000071d800000| Complete |  0
| 212|0x000000071da00000, 0x000000071dc00000, 0x000000071dc00000|100%| E|CS|TAMS 0x000000071da00000| PB 0x000000071da00000| Complete |  0
| 213|0x000000071dc00000, 0x000000071de00000, 0x000000071de00000|100%| E|CS|TAMS 0x000000071dc00000| PB 0x000000071dc00000| Complete |  0
|2022|0x00000007ffe00000, 0x00000007fff1c288, 0x0000000800000000| 55%| O|  |TAMS 0x00000007ffe00000| PB 0x00000007ffe00000| Untracked |  0

Card table byte_map: [0x000001fe75e20000,0x000001fe76610000] _byte_map_base: 0x000001fe72607000

Marking Bits: (CMBitMap*) 0x000001fe5d781580
 Bits: [0x000001fe76610000, 0x000001fe7a548000)

Polling page: 0x000001fe5b570000

Metaspace:

Usage:
  Non-class:      7.52 MB used.
      Class:    752.40 KB used.
       Both:      8.25 MB used.

Virtual space:
  Non-class space:       64.00 MB reserved,       7.62 MB ( 12%) committed,  1 nodes.
      Class space:        1.00 GB reserved,     896.00 KB ( <1%) committed,  1 nodes.
             Both:        1.06 GB reserved,       8.50 MB ( <1%) committed. 

Chunk freelists:
   Non-Class:  8.19 MB
       Class:  15.17 MB
        Both:  23.36 MB

MaxMetaspaceSize: unlimited
CompressedClassSpaceSize: 1.00 GB
Initial GC threshold: 21.00 MB
Current GC threshold: 21.00 MB
CDS: on
 - commit_granule_bytes: 65536.
 - commit_granule_words: 8192.
 - virtual_space_node_default_size: 8388608.
 - enlarge_chunks_in_place: 1.
UseCompressedClassPointers 1, UseCompactObjectHeaders 0
Narrow klass pointer bits 32, Max shift 3
Narrow klass base: 0x000001fe00000000, Narrow klass shift: 0
Encoding Range: [0x000001fe00000000 - 0x000001ff00000000), (4294967296 bytes)
Klass Range:    [0x000001fe00000000 - 0x000001fe41000000), (1090519040 bytes)
Klass ID Range:  [8 - 1090519033) (1090519025)


Internal statistics:

num_allocs_failed_limit: 0.
num_arena_births: 216.
num_arena_deaths: 0.
num_vsnodes_births: 2.
num_vsnodes_deaths: 0.
num_space_committed: 136.
num_space_uncommitted: 0.
num_chunks_returned_to_freelist: 0.
num_chunks_taken_from_freelist: 275.
num_chunk_merges: 0.
num_chunk_splits: 172.
num_chunks_enlarged: 81.
num_inconsistent_stats: 0.

CodeHeap 'non-profiled nmethods': size=120064Kb used=876Kb max_used=876Kb free=119187Kb
 bounds [0x000001fe6da80000, 0x000001fe6dcf0000, 0x000001fe74fc0000]
CodeHeap 'profiled nmethods': size=120000Kb used=3809Kb max_used=3809Kb free=116190Kb
 bounds [0x000001fe65fc0000, 0x000001fe66380000, 0x000001fe6d4f0000]
CodeHeap 'non-nmethods': size=5696Kb used=1339Kb max_used=1398Kb free=4356Kb
 bounds [0x000001fe6d4f0000, 0x000001fe6d760000, 0x000001fe6da80000]
CodeCache: size=245760Kb, used=6024Kb, max_used=6083Kb, free=239733Kb
 total_blobs=2948, nmethods=2442, adapters=411, full_count=0
Compilation: enabled, stopped_count=0, restarted_count=0

Compilation events (20 events):
Event: 121.260 Thread 0x000001fe45039e60 nmethod 2413 0x000001fe6db57288 code [0x000001fe6db573e0, 0x000001fe6db579c0]
Event: 121.261 Thread 0x000001fe4503e5e0 nmethod 2408 0x000001fe6db57a08 code [0x000001fe6db57b20, 0x000001fe6db58048]
Event: 121.261 Thread 0x000001fe45040420 nmethod 2437 0x000001fe66374a88 code [0x000001fe66374d20, 0x000001fe66376178]
Event: 121.261 Thread 0x000001fe45040420 2436       1       jdk.jfr.internal.PlatformEventType::isEnabled (5 bytes)
Event: 121.261 Thread 0x000001fe45040420 nmethod 2436 0x000001fe6db58088 code [0x000001fe6db58180, 0x000001fe6db58248]
Event: 121.261 Thread 0x000001fe45040420 2434       1       jdk.jfr.internal.EventControl::getSettingsId (5 bytes)
Event: 121.261 Thread 0x000001fe45040420 nmethod 2434 0x000001fe6db58388 code [0x000001fe6db58480, 0x000001fe6db58548]
Event: 121.261 Thread 0x000001fe45040420 2435       1       jdk.jfr.internal.EventControl::getNamedControls (5 bytes)
Event: 121.261 Thread 0x000001fe45040420 nmethod 2435 0x000001fe6db58688 code [0x000001fe6db58780, 0x000001fe6db58848]
Event: 121.261 Thread 0x000001fe45040bb0 nmethod 2409 0x000001fe6db58988 code [0x000001fe6db58c60, 0x000001fe6db5abf8]
Event: 121.270 Thread 0x000001fe45040420 2438       1       jdk.jfr.internal.periodic.EventTask::getEventType (5 bytes)
Event: 121.270 Thread 0x000001fe45040420 nmethod 2438 0x000001fe6db5ad08 code [0x000001fe6db5ae00, 0x000001fe6db5aec8]
Event: 121.270 Thread 0x000001fe45040420 2439       3       java.lang.invoke.MemberName::<init> (139 bytes)
Event: 121.271 Thread 0x000001fe45040420 nmethod 2439 0x000001fe66376208 code [0x000001fe663764a0, 0x000001fe663778f0]
Event: 121.271 Thread 0x000001fe45040420 2441       3       java.util.Comparator$$Lambda/0x000001fe010a5098::compare (10 bytes)
Event: 121.271 Thread 0x000001fe45040420 nmethod 2441 0x000001fe66377988 code [0x000001fe66377ae0, 0x000001fe66377f58]
Event: 121.271 Thread 0x000001fe45040420 2442       3       java.util.Comparator::lambda$comparingLong$6043328a$1 (18 bytes)
Event: 121.271 Thread 0x000001fe45040420 nmethod 2442 0x000001fe66377f88 code [0x000001fe663780e0, 0x000001fe663784c0]
Event: 121.271 Thread 0x000001fe45040420 2440       1       jdk.jfr.internal.periodic.PeriodicTask::getPeriod (5 bytes)
Event: 121.271 Thread 0x000001fe45040420 nmethod 2440 0x000001fe6db5b008 code [0x000001fe6db5b100, 0x000001fe6db5b1c8]

GC Heap History (20 events):
Event: 117.254 GC heap before
{Heap before GC invocations=429 (full 0):
 garbage-first heap   total reserved 4143104K, committed 440320K, used 296591K [0x0000000703200000, 0x0000000800000000)
  region size 2048K, 129 young (264192K), 0 survivors (0K)
 Metaspace       used 7072K, committed 7360K, reserved 1114112K
  class space    used 608K, committed 768K, reserved 1048576K
}
Event: 117.255 GC heap after
{Heap after GC invocations=430 (full 0):
 garbage-first heap   total reserved 4143104K, committed 440320K, used 32399K [0x0000000703200000, 0x0000000800000000)
  region size 2048K, 0 young (0K), 0 survivors (0K)
 Metaspace       used 7072K, committed 7360K, reserved 1114112K
  class space    used 608K, committed 768K, reserved 1048576K
}
Event: 117.814 GC heap before
{Heap before GC invocations=430 (full 0):
 garbage-first heap   total reserved 4143104K, committed 440320K, used 296591K [0x0000000703200000, 0x0000000800000000)
  region size 2048K, 129 young (264192K), 0 survivors (0K)
 Metaspace       used 7072K, committed 7360K, reserved 1114112K
  class space    used 608K, committed 768K, reserved 1048576K
}
Event: 117.814 GC heap after
{Heap after GC invocations=431 (full 0):
 garbage-first heap   total reserved 4143104K, committed 440320K, used 32399K [0x0000000703200000, 0x0000000800000000)
  region size 2048K, 0 young (0K), 0 survivors (0K)
 Metaspace       used 7072K, committed 7360K, reserved 1114112K
  class space    used 608K, committed 768K, reserved 1048576K
}
Event: 118.335 GC heap before
{Heap before GC invocations=431 (full 0):
 garbage-first heap   total reserved 4143104K, committed 440320K, used 296591K [0x0000000703200000, 0x0000000800000000)
  region size 2048K, 129 young (264192K), 0 survivors (0K)
 Metaspace       used 7080K, committed 7360K, reserved 1114112K
  class space    used 608K, committed 768K, reserved 1048576K
}
Event: 118.336 GC heap after
{Heap after GC invocations=432 (full 0):
 garbage-first heap   total reserved 4143104K, committed 440320K, used 32417K [0x0000000703200000, 0x0000000800000000)
  region size 2048K, 1 young (2048K), 1 survivors (2048K)
 Metaspace       used 7080K, committed 7360K, reserved 1114112K
  class space    used 608K, committed 768K, reserved 1048576K
}
Event: 118.779 GC heap before
{Heap before GC invocations=432 (full 0):
 garbage-first heap   total reserved 4143104K, committed 440320K, used 294561K [0x0000000703200000, 0x0000000800000000)
  region size 2048K, 129 young (264192K), 1 survivors (2048K)
 Metaspace       used 7080K, committed 7360K, reserved 1114112K
  class space    used 608K, committed 768K, reserved 1048576K
}
Event: 118.780 GC heap after
{Heap after GC invocations=433 (full 0):
 garbage-first heap   total reserved 4143104K, committed 440320K, used 32417K [0x0000000703200000, 0x0000000800000000)
  region size 2048K, 1 young (2048K), 1 survivors (2048K)
 Metaspace       used 7080K, committed 7360K, reserved 1114112K
  class space    used 608K, committed 768K, reserved 1048576K
}
Event: 119.133 GC heap before
{Heap before GC invocations=433 (full 0):
 garbage-first heap   total reserved 4143104K, committed 440320K, used 294561K [0x0000000703200000, 0x0000000800000000)
  region size 2048K, 129 young (264192K), 1 survivors (2048K)
 Metaspace       used 7080K, committed 7360K, reserved 1114112K
  class space    used 608K, committed 768K, reserved 1048576K
}
Event: 119.134 GC heap after
{Heap after GC invocations=434 (full 0):
 garbage-first heap   total reserved 4143104K, committed 440320K, used 32419K [0x0000000703200000, 0x0000000800000000)
  region size 2048K, 1 young (2048K), 1 survivors (2048K)
 Metaspace       used 7080K, committed 7360K, reserved 1114112K
  class space    used 608K, committed 768K, reserved 1048576K
}
Event: 119.535 GC heap before
{Heap before GC invocations=434 (full 0):
 garbage-first heap   total reserved 4143104K, committed 440320K, used 294563K [0x0000000703200000, 0x0000000800000000)
  region size 2048K, 129 young (264192K), 1 survivors (2048K)
 Metaspace       used 7080K, committed 7360K, reserved 1114112K
  class space    used 608K, committed 768K, reserved 1048576K
}
Event: 119.535 GC heap after
{Heap after GC invocations=435 (full 0):
 garbage-first heap   total reserved 4143104K, committed 440320K, used 32417K [0x0000000703200000, 0x0000000800000000)
  region size 2048K, 1 young (2048K), 1 survivors (2048K)
 Metaspace       used 7080K, committed 7360K, reserved 1114112K
  class space    used 608K, committed 768K, reserved 1048576K
}
Event: 119.996 GC heap before
{Heap before GC invocations=435 (full 0):
 garbage-first heap   total reserved 4143104K, committed 440320K, used 294561K [0x0000000703200000, 0x0000000800000000)
  region size 2048K, 129 young (264192K), 1 survivors (2048K)
 Metaspace       used 7080K, committed 7360K, reserved 1114112K
  class space    used 608K, committed 768K, reserved 1048576K
}
Event: 119.997 GC heap after
{Heap after GC invocations=436 (full 0):
 garbage-first heap   total reserved 4143104K, committed 440320K, used 32419K [0x0000000703200000, 0x0000000800000000)
  region size 2048K, 1 young (2048K), 1 survivors (2048K)
 Metaspace       used 7080K, committed 7360K, reserved 1114112K
  class space    used 608K, committed 768K, reserved 1048576K
}
Event: 120.411 GC heap before
{Heap before GC invocations=436 (full 0):
 garbage-first heap   total reserved 4143104K, committed 440320K, used 294563K [0x0000000703200000, 0x0000000800000000)
  region size 2048K, 129 young (264192K), 1 survivors (2048K)
 Metaspace       used 7080K, committed 7360K, reserved 1114112K
  class space    used 608K, committed 768K, reserved 1048576K
}
Event: 120.411 GC heap after
{Heap after GC invocations=437 (full 0):
 garbage-first heap   total reserved 4143104K, committed 440320K, used 32415K [0x0000000703200000, 0x0000000800000000)
  region size 2048K, 1 young (2048K), 1 survivors (2048K)
 Metaspace       used 7080K, committed 7360K, reserved 1114112K
  class space    used 608K, committed 768K, reserved 1048576K
}
Event: 120.843 GC heap before
{Heap before GC invocations=437 (full 0):
 garbage-first heap   total reserved 4143104K, committed 440320K, used 294559K [0x0000000703200000, 0x0000000800000000)
  region size 2048K, 129 young (264192K), 1 survivors (2048K)
 Metaspace       used 7080K, committed 7360K, reserved 1114112K
  class space    used 608K, committed 768K, reserved 1048576K
}
Event: 120.844 GC heap after
{Heap after GC invocations=438 (full 0):
 garbage-first heap   total reserved 4143104K, committed 440320K, used 32419K [0x0000000703200000, 0x0000000800000000)
  region size 2048K, 1 young (2048K), 1 survivors (2048K)
 Metaspace       used 7080K, committed 7360K, reserved 1114112K
  class space    used 608K, committed 768K, reserved 1048576K
}
Event: 121.229 GC heap before
{Heap before GC invocations=438 (full 0):
 garbage-first heap   total reserved 4143104K, committed 440320K, used 294563K [0x0000000703200000, 0x0000000800000000)
  region size 2048K, 129 young (264192K), 1 survivors (2048K)
 Metaspace       used 8286K, committed 8576K, reserved 1114112K
  class space    used 736K, committed 896K, reserved 1048576K
}
Event: 121.230 GC heap after
{Heap after GC invocations=439 (full 0):
 garbage-first heap   total reserved 4143104K, committed 440320K, used 33491K [0x0000000703200000, 0x0000000800000000)
  region size 2048K, 1 young (2048K), 1 survivors (2048K)
 Metaspace       used 8286K, committed 8576K, reserved 1114112K
  class space    used 736K, committed 896K, reserved 1048576K
}

Dll operation events (12 events):
Event: 0.010 Loaded shared library C:\Users\Rochel\.jdks\openjdk-24.0.1\bin\java.dll
Event: 0.041 Loaded shared library C:\Users\Rochel\.jdks\openjdk-24.0.1\bin\jsvml.dll
Event: 0.084 Loaded shared library C:\Users\Rochel\.jdks\openjdk-24.0.1\bin\zip.dll
Event: 0.087 Loaded shared library C:\Users\Rochel\.jdks\openjdk-24.0.1\bin\instrument.dll
Event: 0.094 Loaded shared library C:\Users\Rochel\.jdks\openjdk-24.0.1\bin\net.dll
Event: 0.096 Loaded shared library C:\Users\Rochel\.jdks\openjdk-24.0.1\bin\nio.dll
Event: 0.101 Loaded shared library C:\Users\Rochel\.jdks\openjdk-24.0.1\bin\zip.dll
Event: 0.120 Loaded shared library C:\Users\Rochel\.jdks\openjdk-24.0.1\bin\jimage.dll
Event: 0.129 Loaded shared library C:\Users\Rochel\.jdks\openjdk-24.0.1\bin\extnet.dll
Event: 0.217 Loaded shared library C:\Users\Rochel\.jdks\openjdk-24.0.1\bin\management.dll
Event: 0.233 Loaded shared library C:\Users\Rochel\.jdks\openjdk-24.0.1\bin\management_ext.dll
Event: 121.099 Loaded shared library C:\Users\Rochel\AppData\Local\Temp\idea_libasyncProfiler_dll_temp_folder\libasyncProfiler.dll

Deoptimization events (20 events):
Event: 121.199 Thread 0x000001fe7c9edd50 Uncommon trap: trap_request=0xffffffde fr.pc=0x000001fe6db41110 relative=0x0000000000000070
Event: 121.199 Thread 0x000001fe7c9edd50 Uncommon trap: reason=class_check action=maybe_recompile pc=0x000001fe6db41110 method=jdk.jfr.FlightRecorderPermission$InternalAccess.getType(Ljava/lang/Object;)Ljdk/jfr/internal/Type; @ 18 c2
Event: 121.199 Thread 0x000001fe7c9edd50 DEOPT PACKING pc=0x000001fe6db41110 sp=0x000000bfde4fe7b0
Event: 121.199 Thread 0x000001fe7c9edd50 DEOPT UNPACKING pc=0x000001fe6d605c02 sp=0x000000bfde4fe748 mode 2
Event: 121.200 Thread 0x000001fe7c9edd50 Uncommon trap: trap_request=0xffffffde fr.pc=0x000001fe6db41110 relative=0x0000000000000070
Event: 121.200 Thread 0x000001fe7c9edd50 Uncommon trap: reason=class_check action=maybe_recompile pc=0x000001fe6db41110 method=jdk.jfr.FlightRecorderPermission$InternalAccess.getType(Ljava/lang/Object;)Ljdk/jfr/internal/Type; @ 18 c2
Event: 121.200 Thread 0x000001fe7c9edd50 DEOPT PACKING pc=0x000001fe6db41110 sp=0x000000bfde4fe7b0
Event: 121.200 Thread 0x000001fe7c9edd50 DEOPT UNPACKING pc=0x000001fe6d605c02 sp=0x000000bfde4fe748 mode 2
Event: 121.204 Thread 0x000001fe7c9edd50 Uncommon trap: trap_request=0xffffffcc fr.pc=0x000001fe6db4836c relative=0x00000000000003ac
Event: 121.204 Thread 0x000001fe7c9edd50 Uncommon trap: reason=intrinsic_or_type_checked_inlining action=make_not_entrant pc=0x000001fe6db4836c method=java.util.Arrays.copyOf([Ljava/lang/Object;ILjava/lang/Class;)[Ljava/lang/Object; @ 35 c2
Event: 121.204 Thread 0x000001fe7c9edd50 DEOPT PACKING pc=0x000001fe6db4836c sp=0x000000bfde4fe630
Event: 121.204 Thread 0x000001fe7c9edd50 DEOPT UNPACKING pc=0x000001fe6d605c02 sp=0x000000bfde4fe5c0 mode 2
Event: 121.249 Thread 0x000001fe7c9edd50 Uncommon trap: trap_request=0xffffff4d fr.pc=0x000001fe6db5212c relative=0x000000000000020c
Event: 121.249 Thread 0x000001fe7c9edd50 Uncommon trap: reason=unstable_if action=reinterpret pc=0x000001fe6db5212c method=java.io.ByteArrayOutputStream.ensureCapacity(I)V @ 11 c2
Event: 121.249 Thread 0x000001fe7c9edd50 DEOPT PACKING pc=0x000001fe6db5212c sp=0x000000bfde4fe940
Event: 121.249 Thread 0x000001fe7c9edd50 DEOPT UNPACKING pc=0x000001fe6d605c02 sp=0x000000bfde4fe878 mode 2
Event: 121.251 Thread 0x000001fe7c9edd50 Uncommon trap: trap_request=0xffffff4d fr.pc=0x000001fe6db526f0 relative=0x00000000000003d0
Event: 121.251 Thread 0x000001fe7c9edd50 Uncommon trap: reason=unstable_if action=reinterpret pc=0x000001fe6db526f0 method=java.io.ByteArrayOutputStream.ensureCapacity(I)V @ 11 c2
Event: 121.251 Thread 0x000001fe7c9edd50 DEOPT PACKING pc=0x000001fe6db526f0 sp=0x000000bfde4fe8a0
Event: 121.251 Thread 0x000001fe7c9edd50 DEOPT UNPACKING pc=0x000001fe6d605c02 sp=0x000000bfde4fe780 mode 2

Classes loaded (20 events):
Event: 121.239 Loading class jdk/jfr/internal/MetadataWriter
Event: 121.240 Loading class jdk/jfr/internal/MetadataWriter done
Event: 121.240 Loading class jdk/jfr/internal/MetadataDescriptor$Element
Event: 121.240 Loading class jdk/jfr/internal/MetadataDescriptor$Element done
Event: 121.240 Loading class jdk/jfr/internal/MetadataDescriptor$Attribute
Event: 121.240 Loading class jdk/jfr/internal/MetadataDescriptor$Attribute done
Event: 121.246 Loading class jdk/jfr/internal/consumer/StringParser$Encoding
Event: 121.246 Loading class jdk/jfr/internal/consumer/StringParser$Encoding done
Event: 121.254 Loading class jdk/jfr/internal/consumer/RepositoryFiles
Event: 121.254 Loading class jdk/jfr/internal/consumer/RepositoryFiles done
Event: 121.257 Loading class jdk/jfr/internal/SettingsManager$InternalSetting
Event: 121.257 Loading class jdk/jfr/internal/SettingsManager$InternalSetting done
Event: 121.259 Loading class jdk/jfr/internal/util/Rate
Event: 121.259 Loading class jdk/jfr/internal/util/Rate done
Event: 121.259 Loading class jdk/jfr/internal/util/TimespanUnit
Event: 121.259 Loading class jdk/jfr/internal/util/TimespanUnit done
Event: 121.259 Loading class jdk/jfr/internal/util/ValueParser
Event: 121.259 Loading class jdk/jfr/internal/util/ValueParser done
Event: 121.260 Loading class jdk/jfr/internal/periodic/PeriodicType
Event: 121.260 Loading class jdk/jfr/internal/periodic/PeriodicType done

Classes unloaded (0 events):
No events

Classes redefined (0 events):
No events

Internal exceptions (20 events):
Event: 0.594 Thread 0x000001fe460d24c0 Exception <a 'java/lang/NoSuchMethodError'{0x000000070cf17088}: 'int java.lang.invoke.DelegatingMethodHandle$Holder.reinvoke_L(java.lang.Object, java.lang.Object, java.lang.Object, java.lang.Object, java.lang.Object)'> (0x000000070cf17088) 
thrown [s\open\src\hotspot\share\interpreter\linkResolver.cpp, line 805]
Event: 0.597 Thread 0x000001fe460d24c0 Exception <a 'java/lang/NoSuchMethodError'{0x000000070cf5a458}: 'java.lang.Object java.lang.invoke.DirectMethodHandle$Holder.invokeStatic(java.lang.Object, java.lang.Object, java.lang.Object, java.lang.Object, java.lang.Object, java.lang.Object, java.lang.Object, java.lang.Object)'> (0x000000070cf5a458) 
thrown [s\open\src\hotspot\share\interpreter\linkResolver.cpp, line 805]
Event: 0.599 Thread 0x000001fe460d24c0 Exception <a 'java/lang/NoSuchMethodError'{0x000000070cc14240}: 'java.lang.Object java.lang.invoke.DirectMethodHandle$Holder.invokeStatic(java.lang.Object, java.lang.Object, java.lang.Object, java.lang.Object, java.lang.Object, java.lang.Object, java.lang.Object, java.lang.Object, java.lang.Object)'> (0x000000070cc14240) 
thrown [s\open\src\hotspot\share\interpreter\linkResolver.cpp, line 805]
Event: 0.600 Thread 0x000001fe460d24c0 Exception <a 'java/lang/NoSuchMethodError'{0x000000070cc276f0}: 'java.lang.Object java.lang.invoke.Invokers$Holder.invokeExact_MT(java.lang.Object, java.lang.Object, java.lang.Object, java.lang.Object, java.lang.Object, java.lang.Object)'> (0x000000070cc276f0) 
thrown [s\open\src\hotspot\share\interpreter\linkResolver.cpp, line 805]
Event: 0.602 Thread 0x000001fe460d24c0 Exception <a 'java/lang/NoSuchMethodError'{0x000000070cc33430}: 'java.lang.Object java.lang.invoke.DirectMethodHandle$Holder.invokeInterface(java.lang.Object, java.lang.Object, java.lang.Object, java.lang.Object, java.lang.Object)'> (0x000000070cc33430) 
thrown [s\open\src\hotspot\share\interpreter\linkResolver.cpp, line 805]
Event: 0.606 Thread 0x000001fe460d24c0 Exception <a 'java/lang/NoSuchMethodError'{0x000000070cc7ddb0}: 'double java.lang.invoke.DirectMethodHandle$Holder.invokeInterface(java.lang.Object, java.lang.Object)'> (0x000000070cc7ddb0) 
thrown [s\open\src\hotspot\share\interpreter\linkResolver.cpp, line 805]
Event: 0.606 Thread 0x000001fe460d24c0 Exception <a 'java/lang/NoSuchMethodError'{0x000000070cc8ea20}: 'double java.lang.invoke.DelegatingMethodHandle$Holder.reinvoke_L(java.lang.Object, java.lang.Object)'> (0x000000070cc8ea20) 
thrown [s\open\src\hotspot\share\interpreter\linkResolver.cpp, line 805]
Event: 1.049 Thread 0x000001fe460d24c0 Exception <a 'java/lang/NoSuchMethodError'{0x000000070ccb67f0}: 'long java.lang.invoke.DirectMethodHandle$Holder.invokeVirtual(java.lang.Object, java.lang.Object)'> (0x000000070ccb67f0) 
thrown [s\open\src\hotspot\share\interpreter\linkResolver.cpp, line 805]
Event: 1.050 Thread 0x000001fe460d24c0 Exception <a 'java/lang/NoSuchMethodError'{0x000000070ccbeae0}: 'java.lang.Object java.lang.invoke.DirectMethodHandle$Holder.invokeStatic(java.lang.Object, long)'> (0x000000070ccbeae0) 
thrown [s\open\src\hotspot\share\interpreter\linkResolver.cpp, line 805]
Event: 1.050 Thread 0x000001fe460d24c0 Exception <a 'java/lang/NoSuchMethodError'{0x000000070ccceb88}: 'long java.lang.invoke.DelegatingMethodHandle$Holder.reinvoke_L(java.lang.Object, java.lang.Object)'> (0x000000070ccceb88) 
thrown [s\open\src\hotspot\share\interpreter\linkResolver.cpp, line 805]
Event: 121.130 Thread 0x000001fe7c9edd50 Exception <a 'java/lang/NoSuchMethodError'{0x0000000711cb6530}: 'void java.lang.invoke.DirectMethodHandle$Holder.invokeStaticInit(java.lang.Object)'> (0x0000000711cb6530) 
thrown [s\open\src\hotspot\share\interpreter\linkResolver.cpp, line 805]
Event: 121.135 Thread 0x000001fe7c9edd50 Exception <a 'java/lang/NoSuchMethodError'{0x00000007110168a0}: 'java.lang.Object java.lang.invoke.DirectMethodHandle$Holder.newInvokeSpecial(java.lang.Object, java.lang.Object, java.lang.Object, java.lang.Object, java.lang.Object)'> (0x00000007110168a0) 
thrown [s\open\src\hotspot\share\interpreter\linkResolver.cpp, line 805]
Event: 121.165 Thread 0x000001fe7c9edd50 Exception <a 'java/lang/NoSuchMethodError'{0x00000007106ab650}: 'int java.lang.invoke.DirectMethodHandle$Holder.invokeStatic(java.lang.Object, java.lang.Object, java.lang.Object, java.lang.Object)'> (0x00000007106ab650) 
thrown [s\open\src\hotspot\share\interpreter\linkResolver.cpp, line 805]
Event: 121.225 Thread 0x000001fe7c9edd50 Exception <a 'java/lang/NoSuchMethodError'{0x000000070e9b6790}: 'void java.lang.invoke.DirectMethodHandle$Holder.invokeSpecial(java.lang.Object, java.lang.Object, int)'> (0x000000070e9b6790) 
thrown [s\open\src\hotspot\share\interpreter\linkResolver.cpp, line 805]
Event: 121.225 Thread 0x000001fe7c9edd50 Exception <a 'java/lang/NoSuchMethodError'{0x000000070e9be3b0}: 'void java.lang.invoke.Invokers$Holder.invokeExact_MT(java.lang.Object, int, java.lang.Object)'> (0x000000070e9be3b0) 
thrown [s\open\src\hotspot\share\interpreter\linkResolver.cpp, line 805]
Event: 121.227 Thread 0x000001fe7c9edd50 Exception <a 'java/lang/NoSuchMethodError'{0x000000070e9d8b90}: 'void java.lang.invoke.DirectMethodHandle$Holder.invokeStatic(java.lang.Object, java.lang.Object, int)'> (0x000000070e9d8b90) 
thrown [s\open\src\hotspot\share\interpreter\linkResolver.cpp, line 805]
Event: 121.227 Thread 0x000001fe7c9edd50 Exception <a 'java/lang/NoSuchMethodError'{0x000000070e9e7a98}: 'java.lang.Object java.lang.invoke.DirectMethodHandle$Holder.newInvokeSpecial(java.lang.Object, java.lang.Object, int)'> (0x000000070e9e7a98) 
thrown [s\open\src\hotspot\share\interpreter\linkResolver.cpp, line 805]
Event: 121.232 Thread 0x000001fe7c9edd50 Exception <a 'sun/nio/fs/WindowsException'{0x000000071dd140e0}> (0x000000071dd140e0) 
thrown [s\open\src\hotspot\share\prims\jni.cpp, line 518]
Event: 121.234 Thread 0x000001fe7c9edd50 Exception <a 'sun/nio/fs/WindowsException'{0x000000071dd20ec0}> (0x000000071dd20ec0) 
thrown [s\open\src\hotspot\share\prims\jni.cpp, line 518]
Event: 121.237 Thread 0x000001fe7c9edd50 Exception <a 'sun/nio/fs/WindowsException'{0x000000071dd32c90}> (0x000000071dd32c90) 
thrown [s\open\src\hotspot\share\prims\jni.cpp, line 518]

VM Operations (20 events):
Event: 118.335 Executing VM operation: G1CollectForAllocation (G1 Evacuation Pause)
Event: 118.336 Executing VM operation: G1CollectForAllocation (G1 Evacuation Pause) done
Event: 118.779 Executing VM operation: G1CollectForAllocation (G1 Evacuation Pause)
Event: 118.780 Executing VM operation: G1CollectForAllocation (G1 Evacuation Pause) done
Event: 119.133 Executing VM operation: G1CollectForAllocation (G1 Evacuation Pause)
Event: 119.134 Executing VM operation: G1CollectForAllocation (G1 Evacuation Pause) done
Event: 119.535 Executing VM operation: G1CollectForAllocation (G1 Evacuation Pause)
Event: 119.535 Executing VM operation: G1CollectForAllocation (G1 Evacuation Pause) done
Event: 119.996 Executing VM operation: G1CollectForAllocation (G1 Evacuation Pause)
Event: 119.997 Executing VM operation: G1CollectForAllocation (G1 Evacuation Pause) done
Event: 120.411 Executing VM operation: G1CollectForAllocation (G1 Evacuation Pause)
Event: 120.411 Executing VM operation: G1CollectForAllocation (G1 Evacuation Pause) done
Event: 120.843 Executing VM operation: G1CollectForAllocation (G1 Evacuation Pause)
Event: 120.844 Executing VM operation: G1CollectForAllocation (G1 Evacuation Pause) done
Event: 121.228 Executing VM operation: HandshakeAllThreads (Deoptimize)
Event: 121.228 Executing VM operation: HandshakeAllThreads (Deoptimize) done
Event: 121.229 Executing VM operation: G1CollectForAllocation (G1 Evacuation Pause)
Event: 121.231 Executing VM operation: G1CollectForAllocation (G1 Evacuation Pause) done
Event: 121.255 Executing VM operation: JFRSafepointClear
Event: 121.255 Executing VM operation: JFRSafepointClear done

Memory protections (0 events):
No events

Nmethod flushes (0 events):
No events

Events (20 events):
Event: 0.039 Thread 0x000001fe5b2336f0 Thread added: 0x000001fe7c9ec760
Event: 0.039 Thread 0x000001fe5b2336f0 Thread added: 0x000001fe7c9eebf0
Event: 0.039 Thread 0x000001fe5b2336f0 Thread added: 0x000001fe45039e60
Event: 0.039 Thread 0x000001fe5b2336f0 Thread added: 0x000001fe45040420
Event: 0.076 Thread 0x000001fe45039e60 Thread added: 0x000001fe4503fc90
Event: 0.091 Thread 0x000001fe5b2336f0 Thread added: 0x000001fe7c9eb8c0
Event: 0.115 Thread 0x000001fe5b2336f0 Thread added: 0x000001fe7c9eceb0
Event: 0.115 Thread 0x000001fe5b2336f0 Thread added: 0x000001fe7c9ed600
Event: 0.157 Thread 0x000001fe45040420 Thread added: 0x000001fe45040bb0
Event: 0.552 Thread 0x000001fe7c9edd50 Thread added: 0x000001fe460d0780
Event: 0.564 Thread 0x000001fe460d0780 Thread added: 0x000001fe460d24c0
Event: 0.575 Thread 0x000001fe460d24c0 Thread added: 0x000001fe460d2c10
Event: 0.580 Thread 0x000001fe460d24c0 Thread added: 0x000001fe460d0ed0
Event: 1.046 Thread 0x000001fe45040bb0 Thread exited: 0x000001fe45040bb0
Event: 1.047 Thread 0x000001fe4503fc90 Thread exited: 0x000001fe4503fc90
Event: 43.970 Thread 0x000001fe460d0780 Thread added: 0x000001fe460d1620
Event: 121.114 Thread 0x000001fe45040420 Thread added: 0x000001fe45040bb0
Event: 121.127 Thread 0x000001fe7c9edd50 Thread added: 0x000001fe460d0030
Event: 121.172 Thread 0x000001fe45040420 Thread added: 0x000001fe4503e5e0
Event: 121.228 Thread 0x000001fe7c9edd50 Thread added: 0x000001fe460d57f0


Dynamic libraries:
0x00007ff746630000 - 0x00007ff74663e000 	C:\Users\Rochel\.jdks\openjdk-24.0.1\bin\java.exe
0x00007ffabb2a0000 - 0x00007ffabb506000 	C:\WINDOWS\SYSTEM32\ntdll.dll
0x00007ffabaff0000 - 0x00007ffabb0b9000 	C:\WINDOWS\System32\KERNEL32.DLL
0x00007ffab84d0000 - 0x00007ffab889c000 	C:\WINDOWS\System32\KERNELBASE.dll
0x00007ffab8ad0000 - 0x00007ffab8c1b000 	C:\WINDOWS\System32\ucrtbase.dll
0x00007ffaa65d0000 - 0x00007ffaa65eb000 	C:\Users\Rochel\.jdks\openjdk-24.0.1\bin\VCRUNTIME140.dll
0x00007ffaa65b0000 - 0x00007ffaa65c6000 	C:\Users\Rochel\.jdks\openjdk-24.0.1\bin\jli.dll
0x00007ffab9a20000 - 0x00007ffab9bea000 	C:\WINDOWS\System32\USER32.dll
0x00007ffab8df0000 - 0x00007ffab8e17000 	C:\WINDOWS\System32\win32u.dll
0x00007ffabb230000 - 0x00007ffabb25b000 	C:\WINDOWS\System32\GDI32.dll
0x00007ffab8c20000 - 0x00007ffab8d52000 	C:\WINDOWS\System32\gdi32full.dll
0x00007ffab88a0000 - 0x00007ffab8943000 	C:\WINDOWS\System32\msvcp_win.dll
0x00007ffa9a410000 - 0x00007ffa9a6aa000 	C:\WINDOWS\WinSxS\amd64_microsoft.windows.common-controls_6595b64144ccf1df_6.0.26100.3912_none_3e07963ce335137e\COMCTL32.dll
0x00007ffaba8d0000 - 0x00007ffaba979000 	C:\WINDOWS\System32\msvcrt.dll
0x00007ffab99e0000 - 0x00007ffab9a10000 	C:\WINDOWS\System32\IMM32.DLL
0x00007ffaa65a0000 - 0x00007ffaa65ac000 	C:\Users\Rochel\.jdks\openjdk-24.0.1\bin\vcruntime140_1.dll
0x00007ffaa6510000 - 0x00007ffaa659e000 	C:\Users\Rochel\.jdks\openjdk-24.0.1\bin\msvcp140.dll
0x00007ff9f83e0000 - 0x00007ff9f9182000 	C:\Users\Rochel\.jdks\openjdk-24.0.1\bin\server\jvm.dll
0x00007ffabb0f0000 - 0x00007ffabb1a2000 	C:\WINDOWS\System32\ADVAPI32.dll
0x00007ffabaea0000 - 0x00007ffabaf46000 	C:\WINDOWS\System32\sechost.dll
0x00007ffaba010000 - 0x00007ffaba126000 	C:\WINDOWS\System32\RPCRT4.dll
0x00007ffabaf70000 - 0x00007ffabafe4000 	C:\WINDOWS\System32\WS2_32.dll
0x00007ffab8280000 - 0x00007ffab82de000 	C:\WINDOWS\SYSTEM32\POWRPROF.dll
0x00007ffaae290000 - 0x00007ffaae2c6000 	C:\WINDOWS\SYSTEM32\WINMM.dll
0x00007ffaad360000 - 0x00007ffaad36b000 	C:\WINDOWS\SYSTEM32\VERSION.dll
0x00007ffab8260000 - 0x00007ffab8274000 	C:\WINDOWS\SYSTEM32\UMPDC.dll
0x00007ffab71f0000 - 0x00007ffab720a000 	C:\WINDOWS\SYSTEM32\kernel.appcore.dll
0x00007ffaa6500000 - 0x00007ffaa650a000 	C:\Users\Rochel\.jdks\openjdk-24.0.1\bin\jimage.dll
0x00007ffab5af0000 - 0x00007ffab5d31000 	C:\WINDOWS\SYSTEM32\DBGHELP.DLL
0x00007ffabaa80000 - 0x00007ffabae04000 	C:\WINDOWS\System32\combase.dll
0x00007ffab9f20000 - 0x00007ffaba000000 	C:\WINDOWS\System32\OLEAUT32.dll
0x00007ffaa6b30000 - 0x00007ffaa6b69000 	C:\WINDOWS\SYSTEM32\dbgcore.DLL
0x00007ffab8430000 - 0x00007ffab84c9000 	C:\WINDOWS\System32\bcryptPrimitives.dll
0x00007ffaa15f0000 - 0x00007ffaa15ff000 	C:\Users\Rochel\.jdks\openjdk-24.0.1\bin\instrument.dll
0x00007ffa99bb0000 - 0x00007ffa99bce000 	C:\Users\Rochel\.jdks\openjdk-24.0.1\bin\java.dll
0x00007ffab9d70000 - 0x00007ffab9f0f000 	C:\WINDOWS\System32\ole32.dll
0x00007ffab9060000 - 0x00007ffab978d000 	C:\WINDOWS\System32\SHELL32.dll
0x00007ffab8e20000 - 0x00007ffab8f94000 	C:\WINDOWS\System32\wintypes.dll
0x00007ffab60e0000 - 0x00007ffab6936000 	C:\WINDOWS\SYSTEM32\windows.storage.dll
0x00007ffaba980000 - 0x00007ffabaa6f000 	C:\WINDOWS\System32\SHCORE.dll
0x00007ffabb1c0000 - 0x00007ffabb229000 	C:\WINDOWS\System32\shlwapi.dll
0x00007ffab8340000 - 0x00007ffab836f000 	C:\WINDOWS\SYSTEM32\profapi.dll
0x00007ffa15260000 - 0x00007ffa15337000 	C:\Users\Rochel\.jdks\openjdk-24.0.1\bin\jsvml.dll
0x00007ffa8d000000 - 0x00007ffa8d017000 	C:\Users\Rochel\.jdks\openjdk-24.0.1\bin\zip.dll
0x00007ffaa15e0000 - 0x00007ffaa15f0000 	C:\Users\Rochel\.jdks\openjdk-24.0.1\bin\net.dll
0x00007ffab7760000 - 0x00007ffab77ca000 	C:\WINDOWS\system32\mswsock.dll
0x00007ffa99b90000 - 0x00007ffa99ba6000 	C:\Users\Rochel\.jdks\openjdk-24.0.1\bin\nio.dll
0x00007ffa9e6a0000 - 0x00007ffa9e6a9000 	C:\Users\Rochel\.jdks\openjdk-24.0.1\bin\extnet.dll
0x00007ffab6d20000 - 0x00007ffab6e47000 	C:\WINDOWS\SYSTEM32\DNSAPI.dll
0x00007ffab6c80000 - 0x00007ffab6cb3000 	C:\WINDOWS\SYSTEM32\IPHLPAPI.DLL
0x00007ffab9790000 - 0x00007ffab979a000 	C:\WINDOWS\System32\NSI.dll
0x00007ffab1f80000 - 0x00007ffab1f8b000 	C:\Windows\System32\rasadhlp.dll
0x00007ffab1280000 - 0x00007ffab1306000 	C:\WINDOWS\System32\fwpuclnt.dll
0x00007ffa99e20000 - 0x00007ffa99e2a000 	C:\Users\Rochel\.jdks\openjdk-24.0.1\bin\management.dll
0x00007ffa99b80000 - 0x00007ffa99b8b000 	C:\Users\Rochel\.jdks\openjdk-24.0.1\bin\management_ext.dll
0x00007ffabb1b0000 - 0x00007ffabb1b8000 	C:\WINDOWS\System32\PSAPI.DLL
0x00007ffab7a10000 - 0x00007ffab7a2c000 	C:\WINDOWS\SYSTEM32\CRYPTSP.dll
0x00007ffab7150000 - 0x00007ffab718a000 	C:\WINDOWS\system32\rsaenh.dll
0x00007ffab7800000 - 0x00007ffab782b000 	C:\WINDOWS\SYSTEM32\USERENV.dll
0x00007ffab8310000 - 0x00007ffab8336000 	C:\WINDOWS\SYSTEM32\bcrypt.dll
0x00007ffab7a00000 - 0x00007ffab7a0c000 	C:\WINDOWS\SYSTEM32\CRYPTBASE.dll
0x00007ffa5ab60000 - 0x00007ffa5ab78000 	C:\WINDOWS\system32\napinsp.dll
0x00007ffa5ab40000 - 0x00007ffa5ab52000 	C:\WINDOWS\System32\winrnr.dll
0x00007ffaaa860000 - 0x00007ffaaa890000 	C:\WINDOWS\system32\nlansp_c.dll
0x00007ffa90be0000 - 0x00007ffa90c00000 	C:\WINDOWS\system32\wshbth.dll
0x00007ffaabff0000 - 0x00007ffaac03e000 	C:\WINDOWS\SYSTEM32\pdh.dll
0x00007ffaa5ef0000 - 0x00007ffaa5f02000 	C:\WINDOWS\System32\perfproc.dll
0x00007ffaa24f0000 - 0x00007ffaa26e8000 	C:\Users\Rochel\AppData\Local\Temp\idea_libasyncProfiler_dll_temp_folder\libasyncProfiler.dll

JVMTI agents:
C:\Program Files (x86)\JetBrains\IntelliJ IDEA 2025.1.1.1\lib\idea_rt.jar path:C:\Users\Rochel\.jdks\openjdk-24.0.1\bin\instrument.dll, loaded, initialized, instrumentlib options:50208

dbghelp: loaded successfully - version: 4.0.5 - missing functions: none
symbol engine: initialized successfully - sym options: 0x614 - pdb path: .;C:\Users\Rochel\.jdks\openjdk-24.0.1\bin;C:\WINDOWS\SYSTEM32;C:\WINDOWS\WinSxS\amd64_microsoft.windows.common-controls_6595b64144ccf1df_6.0.26100.3912_none_3e07963ce335137e;C:\Users\Rochel\.jdks\openjdk-24.0.1\bin\server;C:\Users\Rochel\AppData\Local\Temp\idea_libasyncProfiler_dll_temp_folder

VM Arguments:
jvm_args: -javaagent:C:\Program Files (x86)\JetBrains\IntelliJ IDEA 2025.1.1.1\lib\idea_rt.jar=50208 -Dfile.encoding=UTF-8 -Dsun.stdout.encoding=UTF-8 -Dsun.stderr.encoding=UTF-8 
java_command: Main
java_class_path (initial): B:\ROCHEL CHILD\JAVA-REPO\ESTRUTURA DE DADOS II-ATT-AVA-01\out\production\ATT-AVA-01-ED2
Launcher Type: SUN_STANDARD

[Global flags]
     intx CICompilerCount                          = 4                                         {product} {ergonomic}
     uint ConcGCThreads                            = 3                                         {product} {ergonomic}
     bool FlightRecorder                           = true                                      {product} {management}
     uint G1ConcRefinementThreads                  = 10                                        {product} {ergonomic}
   size_t G1HeapRegionSize                         = 2097152                                   {product} {ergonomic}
   size_t InitialHeapSize                          = 266338304                                 {product} {ergonomic}
   size_t MarkStackSize                            = 4194304                                   {product} {ergonomic}
   size_t MarkStackSizeMax                         = 536870912                                 {product} {ergonomic}
   size_t MaxHeapSize                              = 4242538496                                {product} {ergonomic}
   size_t MaxNewSize                               = 2543845376                                {product} {ergonomic}
   size_t MinHeapDeltaBytes                        = 2097152                                   {product} {ergonomic}
   size_t MinHeapSize                              = 8388608                                   {product} {ergonomic}
    uintx NonNMethodCodeHeapSize                   = 5832704                                {pd product} {ergonomic}
    uintx NonProfiledCodeHeapSize                  = 122945536                              {pd product} {ergonomic}
    uintx ProfiledCodeHeapSize                     = 122880000                              {pd product} {ergonomic}
    uintx ReservedCodeCacheSize                    = 251658240                              {pd product} {ergonomic}
     bool SegmentedCodeCache                       = true                                      {product} {ergonomic}
   size_t SoftMaxHeapSize                          = 4242538496                             {manageable} {ergonomic}
     bool UseCompressedOops                        = true                           {product lp64_product} {ergonomic}
     bool UseG1GC                                  = true                                      {product} {ergonomic}
     bool UseLargePagesIndividualAllocation        = false                                  {pd product} {ergonomic}

Logging:
Log output configuration:
 #0: stdout all=warning uptime,level,tags foldmultilines=false
 #1: stderr all=off uptime,level,tags foldmultilines=false

Environment Variables:
PATH=C:\WINDOWS\system32;C:\WINDOWS;C:\WINDOWS\System32\Wbem;C:\WINDOWS\System32\WindowsPowerShell\v1.0\;C:\WINDOWS\System32\OpenSSH\;C:\Users\Rochel\AppData\Local\Microsoft\WindowsApps;C:\Users\Rochel\AppData\Local\GitHubDesktop\bin
USERNAME=Rochel
OS=Windows_NT
PROCESSOR_IDENTIFIER=AMD64 Family 25 Model 80 Stepping 0, AuthenticAMD
TMP=C:\Users\Rochel\AppData\Local\Temp
TEMP=C:\Users\Rochel\AppData\Local\Temp




Periodic native trim disabled

---------------  S Y S T E M  ---------------

OS:
 Windows 11 , 64 bit Build 26100 (10.0.26100.3912)
OS uptime: 0 days 0:11 hours

CPU: total 12 (initial active 12) (12 cores per cpu, 2 threads per core) family 25 model 80 stepping 0 microcode 0xa50000f, cx8, cmov, fxsr, ht, mmx, 3dnowpref, sse, sse2, sse3, ssse3, sse4a, sse4.1, sse4.2, popcnt, lzcnt, tsc, tscinvbit, avx, avx2, aes, erms, clmul, bmi1, bmi2, adx, sha, fma, vzeroupper, clflush, clflushopt, rdtscp, rdpid, fsrm, f16c, pku, cet_ss
Processor Information for the first 12 processors :
  Max Mhz: 3600, Current Mhz: 3600, Mhz Limit: 3600

Memory: 4k page, system-wide physical 16176M (6126M free)
TotalPageFile size 22576M (AvailPageFile size 8306M)
current process WorkingSet (physical memory assigned to process): 416M, peak: 416M
current process commit charge ("private bytes"): 585M, peak: 586M

vm_info: OpenJDK 64-Bit Server VM (24.0.1+9-30) for windows-amd64 JRE (24.0.1+9-30), built on 2025-03-05T07:23:45Z with MS VC++ 17.6 (VS2022)

END.
